[2024-02-22 05:58:08.726][INFO] RenderBuild - v0.1.0
[2024-02-22 05:58:08.729][INFO] Start parsing custom configuration file in ./config.json...
[2024-02-22 05:58:08.730][SUCCESS] Configuration has been changed
[2024-02-22 05:58:08.731][INFO] Start building...
[2024-02-22 05:58:08.732][INFO] Start to build main templates in template/layout.html...
[2024-02-22 05:58:08.733][INFO] Fetching template/static/metaData.html
[2024-02-22 05:58:08.734][INFO] Fetching template/static/preload.html
[2024-02-22 05:58:08.734][INFO] Fetching template/static/css.html
[2024-02-22 05:58:08.734][INFO] Fetching template/static/noscript.css
[2024-02-22 05:58:08.735][INFO] Fetching template/static/icons.html
[2024-02-22 05:58:08.735][INFO] Fetching template/static/loadingShade.html
[2024-02-22 05:58:08.735][INFO] Fetching template/layout/header.html
[2024-02-22 05:58:08.735][INFO] Fetching template/layout/nav.html
[2024-02-22 05:58:08.735][INFO] Fetching template/layout/footer.html
[2024-02-22 05:58:08.736][INFO] Fetching template/layout/sidebar.html
[2024-02-22 05:58:08.736][INFO] Fetching template/layout/menu.html
[2024-02-22 05:58:08.736][INFO] Fetching template/layout/copyright.html
[2024-02-22 05:58:08.737][INFO] Fetching template/layout/sideicon.html
[2024-02-22 05:58:08.737][INFO] Fetching template/layout/infobar.html
[2024-02-22 05:58:08.737][INFO] Fetching template/layout/player.html
[2024-02-22 05:58:08.737][INFO] Fetching template/static/javascript.html
[2024-02-22 05:58:08.752][SUCCESS] Main template successfully built.
[2024-02-22 05:58:08.753][INFO] Starting to build 7 child templates...
[2024-02-22 05:58:08.757][SUCCESS] Child template successfully built.
[2024-02-22 05:58:08.758][INFO] Start copying resource files...
[2024-02-22 05:58:08.779][SUCCESS] File copying completed, start building...
[2024-02-22 05:58:08.779][INFO] Building origin/404.html...
[2024-02-22 05:58:08.785][INFO] Building origin/about/index.html...
[2024-02-22 05:58:08.787][INFO] Building origin/articles/20200816/index.html...
[2024-02-22 05:58:08.791][INFO] Building origin/articles/20210701/index.html...
[2024-02-22 05:58:08.795][INFO] Building origin/articles/20210705/index.html...
[2024-02-22 05:58:08.800][INFO] Building origin/articles/20210719/index.html...
[2024-02-22 05:58:08.804][INFO] Building origin/articles/20220206/index.html...
[2024-02-22 05:58:08.808][INFO] Building origin/articles/20220323/index.html...
[2024-02-22 05:58:08.812][INFO] Building origin/articles/20220708/index.html...
[2024-02-22 05:58:08.827][INFO] Building origin/articles/20220825/index.html...
[2024-02-22 05:58:08.833][INFO] Building origin/articles/20221126/index.html...
[2024-02-22 05:58:08.840][INFO] Building origin/articles/20221224/index.html...
[2024-02-22 05:58:08.844][INFO] Building origin/articles/20230812/index.html...
[2024-02-22 05:58:08.849][INFO] Building origin/articles/20230815/index.html...
[2024-02-22 05:58:08.867][INFO] Building origin/articles/index.html...
[2024-02-22 05:58:08.874][INFO] Building origin/friends/index.html...
[2024-02-22 05:58:08.875][INFO] Building origin/google15e5df7e8b90902d.html...
[2024-02-22 05:58:08.877][INFO] Building origin/index.html...
[2024-02-22 05:58:08.879][INFO] Building origin/platform/signin/index.html...
[2024-02-22 05:58:08.882][INFO] Building origin/platform/signup/index.html...
[2024-02-22 05:58:08.883][INFO] Building origin/tools/code/index.html...
[2024-02-22 05:58:08.885][INFO] Building origin/works/index.html...
[2024-02-22 05:58:08.891][SUCCESS] Build completed.
