[2024-02-06 08:03:46.617][INFO] RenderBuild - v0.1.0
[2024-02-06 08:03:46.628][INFO] Start parsing custom configuration file in ./config.json...
[2024-02-06 08:03:46.628][SUCCESS] Configuration has been changed
[2024-02-06 08:03:46.629][WARNING] No output folder found, but successfully created
[2024-02-06 08:03:46.630][INFO] Start building...
[2024-02-06 08:03:46.632][INFO] Start to build main templates in template/layout.html...
[2024-02-06 08:03:46.634][INFO] Fetching template/static/metaData.html
[2024-02-06 08:03:46.637][INFO] Fetching template/static/preload.html
[2024-02-06 08:03:46.638][INFO] Fetching template/static/css.html
[2024-02-06 08:03:46.639][INFO] Fetching template/static/noscript.css
[2024-02-06 08:03:46.639][INFO] Fetching template/static/icons.html
[2024-02-06 08:03:46.640][INFO] Fetching template/static/loadingShade.html
[2024-02-06 08:03:46.640][INFO] Fetching template/layout/header.html
[2024-02-06 08:03:46.643][INFO] Fetching template/layout/nav.html
[2024-02-06 08:03:46.643][INFO] Fetching template/layout/footer.html
[2024-02-06 08:03:46.643][INFO] Fetching template/layout/sidebar.html
[2024-02-06 08:03:46.644][INFO] Fetching template/layout/menu.html
[2024-02-06 08:03:46.645][INFO] Fetching template/layout/copyright.html
[2024-02-06 08:03:46.645][INFO] Fetching template/layout/sideicon.html
[2024-02-06 08:03:46.645][INFO] Fetching template/layout/infobar.html
[2024-02-06 08:03:46.646][INFO] Fetching template/layout/player.html
[2024-02-06 08:03:46.646][INFO] Fetching template/static/javascript.html
[2024-02-06 08:03:46.675][SUCCESS] Main template successfully built.
[2024-02-06 08:03:46.675][INFO] Starting to build 7 child templates...
[2024-02-06 08:03:46.685][SUCCESS] Child template successfully built.
[2024-02-06 08:03:46.686][INFO] Start copying resource files...
[2024-02-06 08:03:46.696][SUCCESS] File copying completed, start building...
[2024-02-06 08:03:46.697][INFO] Building origin/404.html...
[2024-02-06 08:03:46.713][INFO] Building origin/about/index.html...
[2024-02-06 08:03:46.721][INFO] Building origin/articles/20200816/index.html...
[2024-02-06 08:03:46.730][INFO] Building origin/articles/20210701/index.html...
[2024-02-06 08:03:46.734][INFO] Building origin/articles/20210705/index.html...
[2024-02-06 08:03:46.739][INFO] Building origin/articles/20210719/index.html...
[2024-02-06 08:03:46.746][INFO] Building origin/articles/20220206/index.html...
[2024-02-06 08:03:46.750][INFO] Building origin/articles/20220323/index.html...
[2024-02-06 08:03:46.755][INFO] Building origin/articles/20220708/index.html...
[2024-02-06 08:03:46.795][INFO] Building origin/articles/20220825/index.html...
[2024-02-06 08:03:46.801][INFO] Building origin/articles/20221126/index.html...
[2024-02-06 08:03:46.812][INFO] Building origin/articles/20221224/index.html...
[2024-02-06 08:03:46.817][INFO] Building origin/articles/20230812/index.html...
[2024-02-06 08:03:46.824][INFO] Building origin/articles/20230815/index.html...
[2024-02-06 08:03:46.850][INFO] Building origin/articles/index.html...
[2024-02-06 08:03:46.860][INFO] Building origin/friends/index.html...
[2024-02-06 08:03:46.867][INFO] Building origin/google15e5df7e8b90902d.html...
[2024-02-06 08:03:46.870][INFO] Building origin/index.html...
[2024-02-06 08:03:46.872][INFO] Building origin/platform/signin/index.html...
[2024-02-06 08:03:46.876][INFO] Building origin/platform/signup/index.html...
[2024-02-06 08:03:46.879][INFO] Building origin/tools/code/index.html...
[2024-02-06 08:03:46.881][INFO] Building origin/works/index.html...
[2024-02-06 08:03:46.888][SUCCESS] Build completed.
