[2024-02-21 03:46:54.888][INFO] RenderBuild - v0.1.0
[2024-02-21 03:46:54.892][INFO] Start parsing custom configuration file in ./config.json...
[2024-02-21 03:46:54.892][SUCCESS] Configuration has been changed
[2024-02-21 03:46:54.893][INFO] Start building...
[2024-02-21 03:46:54.895][INFO] Start to build main templates in template/layout.html...
[2024-02-21 03:46:54.896][INFO] Fetching template/static/metaData.html
[2024-02-21 03:46:54.896][INFO] Fetching template/static/preload.html
[2024-02-21 03:46:54.897][INFO] Fetching template/static/css.html
[2024-02-21 03:46:54.897][INFO] Fetching template/static/noscript.css
[2024-02-21 03:46:54.897][INFO] Fetching template/static/icons.html
[2024-02-21 03:46:54.898][INFO] Fetching template/static/loadingShade.html
[2024-02-21 03:46:54.898][INFO] Fetching template/layout/header.html
[2024-02-21 03:46:54.898][INFO] Fetching template/layout/nav.html
[2024-02-21 03:46:54.898][INFO] Fetching template/layout/footer.html
[2024-02-21 03:46:54.898][INFO] Fetching template/layout/sidebar.html
[2024-02-21 03:46:54.898][INFO] Fetching template/layout/menu.html
[2024-02-21 03:46:54.899][INFO] Fetching template/layout/copyright.html
[2024-02-21 03:46:54.899][INFO] Fetching template/layout/sideicon.html
[2024-02-21 03:46:54.899][INFO] Fetching template/layout/infobar.html
[2024-02-21 03:46:54.899][INFO] Fetching template/layout/player.html
[2024-02-21 03:46:54.900][INFO] Fetching template/static/javascript.html
[2024-02-21 03:46:54.915][SUCCESS] Main template successfully built.
[2024-02-21 03:46:54.915][INFO] Starting to build 7 child templates...
[2024-02-21 03:46:54.919][SUCCESS] Child template successfully built.
[2024-02-21 03:46:54.920][INFO] Start copying resource files...
[2024-02-21 03:46:54.941][SUCCESS] File copying completed, start building...
[2024-02-21 03:46:54.942][INFO] Building origin/404.html...
[2024-02-21 03:46:54.947][INFO] Building origin/about/index.html...
[2024-02-21 03:46:54.950][INFO] Building origin/articles/20200816/index.html...
[2024-02-21 03:46:54.953][INFO] Building origin/articles/20210701/index.html...
[2024-02-21 03:46:54.960][INFO] Building origin/articles/20210705/index.html...
[2024-02-21 03:46:54.963][INFO] Building origin/articles/20210719/index.html...
[2024-02-21 03:46:54.966][INFO] Building origin/articles/20220206/index.html...
[2024-02-21 03:46:54.969][INFO] Building origin/articles/20220323/index.html...
[2024-02-21 03:46:54.973][INFO] Building origin/articles/20220708/index.html...
[2024-02-21 03:46:54.989][INFO] Building origin/articles/20220825/index.html...
[2024-02-21 03:46:54.995][INFO] Building origin/articles/20221126/index.html...
[2024-02-21 03:46:55.001][INFO] Building origin/articles/20221224/index.html...
[2024-02-21 03:46:55.005][INFO] Building origin/articles/20230812/index.html...
[2024-02-21 03:46:55.010][INFO] Building origin/articles/20230815/index.html...
[2024-02-21 03:46:55.026][INFO] Building origin/articles/index.html...
[2024-02-21 03:46:55.031][INFO] Building origin/friends/index.html...
[2024-02-21 03:46:55.033][INFO] Building origin/google15e5df7e8b90902d.html...
[2024-02-21 03:46:55.034][INFO] Building origin/index.html...
[2024-02-21 03:46:55.036][INFO] Building origin/platform/signin/index.html...
[2024-02-21 03:46:55.038][INFO] Building origin/platform/signup/index.html...
[2024-02-21 03:46:55.040][INFO] Building origin/tools/code/index.html...
[2024-02-21 03:46:55.041][INFO] Building origin/works/index.html...
[2024-02-21 03:46:55.046][SUCCESS] Build completed.
