[2024-02-23 12:35:41.501][INFO] RenderBuild - v0.1.0
[2024-02-23 12:35:41.505][INFO] Start parsing custom configuration file in ./config.json...
[2024-02-23 12:35:41.506][SUCCESS] Configuration has been changed
[2024-02-23 12:35:41.507][INFO] Start building...
[2024-02-23 12:35:41.508][INFO] Start to build main templates in template/layout.html...
[2024-02-23 12:35:41.509][INFO] Fetching template/static/metaData.html
[2024-02-23 12:35:41.509][INFO] Fetching template/static/preload.html
[2024-02-23 12:35:41.510][INFO] Fetching template/static/css.html
[2024-02-23 12:35:41.510][INFO] Fetching template/static/noscript.css
[2024-02-23 12:35:41.510][INFO] Fetching template/static/icons.html
[2024-02-23 12:35:41.511][INFO] Fetching template/static/loadingShade.html
[2024-02-23 12:35:41.511][INFO] Fetching template/layout/header.html
[2024-02-23 12:35:41.511][INFO] Fetching template/layout/nav.html
[2024-02-23 12:35:41.511][INFO] Fetching template/layout/footer.html
[2024-02-23 12:35:41.511][INFO] Fetching template/layout/sidebar.html
[2024-02-23 12:35:41.512][INFO] Fetching template/layout/menu.html
[2024-02-23 12:35:41.512][INFO] Fetching template/layout/copyright.html
[2024-02-23 12:35:41.512][INFO] Fetching template/layout/sideicon.html
[2024-02-23 12:35:41.512][INFO] Fetching template/layout/infobar.html
[2024-02-23 12:35:41.513][INFO] Fetching template/layout/player.html
[2024-02-23 12:35:41.513][INFO] Fetching template/static/javascript.html
[2024-02-23 12:35:41.528][SUCCESS] Main template successfully built.
[2024-02-23 12:35:41.528][INFO] Starting to build 7 child templates...
[2024-02-23 12:35:41.533][SUCCESS] Child template successfully built.
[2024-02-23 12:35:41.533][INFO] Start copying resource files...
[2024-02-23 12:35:41.553][SUCCESS] File copying completed, start building...
[2024-02-23 12:35:41.554][INFO] Building origin/404.html...
[2024-02-23 12:35:41.559][INFO] Building origin/about/index.html...
[2024-02-23 12:35:41.562][INFO] Building origin/articles/20200816/index.html...
[2024-02-23 12:35:41.565][INFO] Building origin/articles/20210701/index.html...
[2024-02-23 12:35:41.569][INFO] Building origin/articles/20210705/index.html...
[2024-02-23 12:35:41.574][INFO] Building origin/articles/20210719/index.html...
[2024-02-23 12:35:41.578][INFO] Building origin/articles/20220206/index.html...
[2024-02-23 12:35:41.581][INFO] Building origin/articles/20220323/index.html...
[2024-02-23 12:35:41.585][INFO] Building origin/articles/20220708/index.html...
[2024-02-23 12:35:41.602][INFO] Building origin/articles/20220825/index.html...
[2024-02-23 12:35:41.609][INFO] Building origin/articles/20221126/index.html...
[2024-02-23 12:35:41.616][INFO] Building origin/articles/20221224/index.html...
[2024-02-23 12:35:41.620][INFO] Building origin/articles/20230812/index.html...
[2024-02-23 12:35:41.625][INFO] Building origin/articles/20230815/index.html...
[2024-02-23 12:35:41.641][INFO] Building origin/articles/index.html...
[2024-02-23 12:35:41.645][INFO] Building origin/friends/index.html...
[2024-02-23 12:35:41.647][INFO] Building origin/google15e5df7e8b90902d.html...
[2024-02-23 12:35:41.649][INFO] Building origin/index.html...
[2024-02-23 12:35:41.650][INFO] Building origin/platform/signin/index.html...
[2024-02-23 12:35:41.651][INFO] Building origin/platform/signup/index.html...
[2024-02-23 12:35:41.652][INFO] Building origin/tools/code/index.html...
[2024-02-23 12:35:41.654][INFO] Building origin/works/index.html...
[2024-02-23 12:35:41.660][SUCCESS] Build completed.
