[2024-11-06 08:51:30.893][INFO] RenderBuild - v0.3.0
[2024-11-06 08:51:30.896][INFO] Start parsing custom configuration file in ./config.json...
[2024-11-06 08:51:30.896][SUCCESS] Configuration has been changed
[2024-11-06 08:51:30.897][INFO] Start building...
[2024-11-06 08:51:30.898][INFO] Start to build main templates in template/layout.html...
[2024-11-06 08:51:30.899][INFO] Fetching template/static/metaData.html
[2024-11-06 08:51:30.899][INFO] Fetching template/static/preload.html
[2024-11-06 08:51:30.900][INFO] Fetching template/static/css.html
[2024-11-06 08:51:30.900][INFO] Fetching template/static/noscript.css
[2024-11-06 08:51:30.900][INFO] Fetching template/static/icons.html
[2024-11-06 08:51:30.901][INFO] Fetching template/static/loadingShade.html
[2024-11-06 08:51:30.901][INFO] Fetching template/layout/header.html
[2024-11-06 08:51:30.901][INFO] Fetching template/layout/nav.html
[2024-11-06 08:51:30.901][INFO] Fetching template/layout/footer.html
[2024-11-06 08:51:30.902][INFO] Fetching template/layout/sidebar.html
[2024-11-06 08:51:30.902][INFO] Fetching template/layout/menu.html
[2024-11-06 08:51:30.902][INFO] Fetching template/layout/copyright.html
[2024-11-06 08:51:30.902][INFO] Fetching template/layout/sideicon.html
[2024-11-06 08:51:30.903][INFO] Fetching template/layout/infobar.html
[2024-11-06 08:51:30.903][INFO] Fetching template/layout/player.html
[2024-11-06 08:51:30.903][INFO] Fetching template/static/javascript.html
[2024-11-06 08:51:30.919][SUCCESS] Main template successfully built.
[2024-11-06 08:51:30.919][INFO] Starting to build 7 child templates...
[2024-11-06 08:51:30.925][SUCCESS] Child template successfully built.
[2024-11-06 08:51:30.925][INFO] Start copying resource files...
[2024-11-06 08:51:30.942][SUCCESS] File copying completed, start building...
[2024-11-06 08:51:30.943][INFO] Building origin/404.html...
[2024-11-06 08:51:30.948][INFO] Building origin/about/index.html...
[2024-11-06 08:51:30.952][INFO] Building origin/articles/20200816/index.html...
[2024-11-06 08:51:30.955][INFO] Building origin/articles/20210701/index.html...
[2024-11-06 08:51:30.960][INFO] Building origin/articles/20210705/index.html...
[2024-11-06 08:51:30.963][INFO] Building origin/articles/20210719/index.html...
[2024-11-06 08:51:30.965][INFO] Building origin/articles/20220206/index.html...
[2024-11-06 08:51:30.967][INFO] Building origin/articles/20220323/index.html...
[2024-11-06 08:51:30.969][INFO] Building origin/articles/20220708/index.html...
[2024-11-06 08:51:30.985][INFO] Building origin/articles/20220825/index.html...
[2024-11-06 08:51:30.988][INFO] Building origin/articles/20221126/index.html...
[2024-11-06 08:51:30.993][INFO] Building origin/articles/20221224/index.html...
[2024-11-06 08:51:30.996][INFO] Building origin/articles/20230812/index.html...
[2024-11-06 08:51:30.999][INFO] Building origin/articles/20230815/index.html...
[2024-11-06 08:51:31.009][INFO] Building origin/articles/index.html...
[2024-11-06 08:51:31.012][INFO] Building origin/friends/index.html...
[2024-11-06 08:51:31.015][INFO] Building origin/google15e5df7e8b90902d.html...
[2024-11-06 08:51:31.017][INFO] Building origin/index.html...
[2024-11-06 08:51:31.019][INFO] Building origin/platform/signin/index.html...
[2024-11-06 08:51:31.022][INFO] Building origin/platform/signup/index.html...
[2024-11-06 08:51:31.024][INFO] Building origin/tools/code/index.html...
[2024-11-06 08:51:31.025][INFO] Building origin/works/index.html...
[2024-11-06 08:51:31.033][SUCCESS] Build completed.
