[2024-02-21 04:08:53.723][INFO] RenderBuild - v0.1.0
[2024-02-21 04:08:53.729][INFO] Start parsing custom configuration file in ./config.json...
[2024-02-21 04:08:53.729][SUCCESS] Configuration has been changed
[2024-02-21 04:08:53.730][INFO] Start building...
[2024-02-21 04:08:53.732][INFO] Start to build main templates in template/layout.html...
[2024-02-21 04:08:53.734][INFO] Fetching template/static/metaData.html
[2024-02-21 04:08:53.734][INFO] Fetching template/static/preload.html
[2024-02-21 04:08:53.735][INFO] Fetching template/static/css.html
[2024-02-21 04:08:53.735][INFO] Fetching template/static/noscript.css
[2024-02-21 04:08:53.736][INFO] Fetching template/static/icons.html
[2024-02-21 04:08:53.736][INFO] Fetching template/static/loadingShade.html
[2024-02-21 04:08:53.736][INFO] Fetching template/layout/header.html
[2024-02-21 04:08:53.736][INFO] Fetching template/layout/nav.html
[2024-02-21 04:08:53.736][INFO] Fetching template/layout/footer.html
[2024-02-21 04:08:53.737][INFO] Fetching template/layout/sidebar.html
[2024-02-21 04:08:53.737][INFO] Fetching template/layout/menu.html
[2024-02-21 04:08:53.737][INFO] Fetching template/layout/copyright.html
[2024-02-21 04:08:53.738][INFO] Fetching template/layout/sideicon.html
[2024-02-21 04:08:53.738][INFO] Fetching template/layout/infobar.html
[2024-02-21 04:08:53.738][INFO] Fetching template/layout/player.html
[2024-02-21 04:08:53.738][INFO] Fetching template/static/javascript.html
[2024-02-21 04:08:53.763][SUCCESS] Main template successfully built.
[2024-02-21 04:08:53.763][INFO] Starting to build 7 child templates...
[2024-02-21 04:08:53.771][SUCCESS] Child template successfully built.
[2024-02-21 04:08:53.771][INFO] Start copying resource files...
[2024-02-21 04:08:53.794][SUCCESS] File copying completed, start building...
[2024-02-21 04:08:53.794][INFO] Building origin/404.html...
[2024-02-21 04:08:53.800][INFO] Building origin/about/index.html...
[2024-02-21 04:08:53.803][INFO] Building origin/articles/20200816/index.html...
[2024-02-21 04:08:53.806][INFO] Building origin/articles/20210701/index.html...
[2024-02-21 04:08:53.810][INFO] Building origin/articles/20210705/index.html...
[2024-02-21 04:08:53.814][INFO] Building origin/articles/20210719/index.html...
[2024-02-21 04:08:53.818][INFO] Building origin/articles/20220206/index.html...
[2024-02-21 04:08:53.823][INFO] Building origin/articles/20220323/index.html...
[2024-02-21 04:08:53.831][INFO] Building origin/articles/20220708/index.html...
[2024-02-21 04:08:53.846][INFO] Building origin/articles/20220825/index.html...
[2024-02-21 04:08:53.850][INFO] Building origin/articles/20221126/index.html...
[2024-02-21 04:08:53.857][INFO] Building origin/articles/20221224/index.html...
[2024-02-21 04:08:53.862][INFO] Building origin/articles/20230812/index.html...
[2024-02-21 04:08:53.868][INFO] Building origin/articles/20230815/index.html...
[2024-02-21 04:08:53.883][INFO] Building origin/articles/index.html...
[2024-02-21 04:08:53.886][INFO] Building origin/friends/index.html...
[2024-02-21 04:08:53.889][INFO] Building origin/google15e5df7e8b90902d.html...
[2024-02-21 04:08:53.890][INFO] Building origin/index.html...
[2024-02-21 04:08:53.891][INFO] Building origin/platform/signin/index.html...
[2024-02-21 04:08:53.892][INFO] Building origin/platform/signup/index.html...
[2024-02-21 04:08:53.893][INFO] Building origin/tools/code/index.html...
[2024-02-21 04:08:53.895][INFO] Building origin/works/index.html...
[2024-02-21 04:08:53.901][SUCCESS] Build completed.
