[2024-02-06 08:13:13.583][INFO] RenderBuild - v0.1.0
[2024-02-06 08:13:13.596][INFO] Start parsing custom configuration file in ./config.json...
[2024-02-06 08:13:13.596][SUCCESS] Configuration has been changed
[2024-02-06 08:13:13.598][INFO] Start building...
[2024-02-06 08:13:13.601][INFO] Start to build main templates in template/layout.html...
[2024-02-06 08:13:13.603][INFO] Fetching template/static/metaData.html
[2024-02-06 08:13:13.606][INFO] Fetching template/static/preload.html
[2024-02-06 08:13:13.608][INFO] Fetching template/static/css.html
[2024-02-06 08:13:13.610][INFO] Fetching template/static/noscript.css
[2024-02-06 08:13:13.613][INFO] Fetching template/static/icons.html
[2024-02-06 08:13:13.614][INFO] Fetching template/static/loadingShade.html
[2024-02-06 08:13:13.615][INFO] Fetching template/layout/header.html
[2024-02-06 08:13:13.617][INFO] Fetching template/layout/nav.html
[2024-02-06 08:13:13.617][INFO] Fetching template/layout/footer.html
[2024-02-06 08:13:13.618][INFO] Fetching template/layout/sidebar.html
[2024-02-06 08:13:13.619][INFO] Fetching template/layout/menu.html
[2024-02-06 08:13:13.619][INFO] Fetching template/layout/copyright.html
[2024-02-06 08:13:13.620][INFO] Fetching template/layout/sideicon.html
[2024-02-06 08:13:13.620][INFO] Fetching template/layout/infobar.html
[2024-02-06 08:13:13.621][INFO] Fetching template/layout/player.html
[2024-02-06 08:13:13.622][INFO] Fetching template/static/javascript.html
[2024-02-06 08:13:13.654][SUCCESS] Main template successfully built.
[2024-02-06 08:13:13.654][INFO] Starting to build 7 child templates...
[2024-02-06 08:13:13.664][SUCCESS] Child template successfully built.
[2024-02-06 08:13:13.665][INFO] Start copying resource files...
[2024-02-06 08:13:13.698][SUCCESS] File copying completed, start building...
[2024-02-06 08:13:13.698][INFO] Building origin/404.html...
[2024-02-06 08:13:13.717][INFO] Building origin/about/index.html...
[2024-02-06 08:13:13.721][INFO] Building origin/articles/20200816/index.html...
[2024-02-06 08:13:13.727][INFO] Building origin/articles/20210701/index.html...
[2024-02-06 08:13:13.733][INFO] Building origin/articles/20210705/index.html...
[2024-02-06 08:13:13.739][INFO] Building origin/articles/20210719/index.html...
[2024-02-06 08:13:13.744][INFO] Building origin/articles/20220206/index.html...
[2024-02-06 08:13:13.750][INFO] Building origin/articles/20220323/index.html...
[2024-02-06 08:13:13.757][INFO] Building origin/articles/20220708/index.html...
[2024-02-06 08:13:13.794][INFO] Building origin/articles/20220825/index.html...
[2024-02-06 08:13:13.800][INFO] Building origin/articles/20221126/index.html...
[2024-02-06 08:13:13.810][INFO] Building origin/articles/20221224/index.html...
[2024-02-06 08:13:13.818][INFO] Building origin/articles/20230812/index.html...
[2024-02-06 08:13:13.826][INFO] Building origin/articles/20230815/index.html...
[2024-02-06 08:13:13.857][INFO] Building origin/articles/index.html...
[2024-02-06 08:13:13.865][INFO] Building origin/friends/index.html...
[2024-02-06 08:13:13.869][INFO] Building origin/google15e5df7e8b90902d.html...
[2024-02-06 08:13:13.875][INFO] Building origin/index.html...
[2024-02-06 08:13:13.877][INFO] Building origin/platform/signin/index.html...
[2024-02-06 08:13:13.881][INFO] Building origin/platform/signup/index.html...
[2024-02-06 08:13:13.885][INFO] Building origin/tools/code/index.html...
[2024-02-06 08:13:13.887][INFO] Building origin/works/index.html...
[2024-02-06 08:13:13.896][SUCCESS] Build completed.
