[2024-02-20 09:10:24.409][INFO] RenderBuild - v0.1.0
[2024-02-20 09:10:24.413][INFO] Start parsing custom configuration file in ./config.json...
[2024-02-20 09:10:24.413][SUCCESS] Configuration has been changed
[2024-02-20 09:10:24.415][INFO] Start building...
[2024-02-20 09:10:24.416][INFO] Start to build main templates in template/layout.html...
[2024-02-20 09:10:24.417][INFO] Fetching template/static/metaData.html
[2024-02-20 09:10:24.418][INFO] Fetching template/static/preload.html
[2024-02-20 09:10:24.418][INFO] Fetching template/static/css.html
[2024-02-20 09:10:24.419][INFO] Fetching template/static/noscript.css
[2024-02-20 09:10:24.419][INFO] Fetching template/static/icons.html
[2024-02-20 09:10:24.419][INFO] Fetching template/static/loadingShade.html
[2024-02-20 09:10:24.419][INFO] Fetching template/layout/header.html
[2024-02-20 09:10:24.419][INFO] Fetching template/layout/nav.html
[2024-02-20 09:10:24.419][INFO] Fetching template/layout/footer.html
[2024-02-20 09:10:24.420][INFO] Fetching template/layout/sidebar.html
[2024-02-20 09:10:24.420][INFO] Fetching template/layout/menu.html
[2024-02-20 09:10:24.420][INFO] Fetching template/layout/copyright.html
[2024-02-20 09:10:24.421][INFO] Fetching template/layout/sideicon.html
[2024-02-20 09:10:24.421][INFO] Fetching template/layout/infobar.html
[2024-02-20 09:10:24.421][INFO] Fetching template/layout/player.html
[2024-02-20 09:10:24.421][INFO] Fetching template/static/javascript.html
[2024-02-20 09:10:24.436][SUCCESS] Main template successfully built.
[2024-02-20 09:10:24.436][INFO] Starting to build 7 child templates...
[2024-02-20 09:10:24.441][SUCCESS] Child template successfully built.
[2024-02-20 09:10:24.441][INFO] Start copying resource files...
[2024-02-20 09:10:24.463][SUCCESS] File copying completed, start building...
[2024-02-20 09:10:24.463][INFO] Building origin/404.html...
[2024-02-20 09:10:24.469][INFO] Building origin/about/index.html...
[2024-02-20 09:10:24.471][INFO] Building origin/articles/20200816/index.html...
[2024-02-20 09:10:24.475][INFO] Building origin/articles/20210701/index.html...
[2024-02-20 09:10:24.479][INFO] Building origin/articles/20210705/index.html...
[2024-02-20 09:10:24.483][INFO] Building origin/articles/20210719/index.html...
[2024-02-20 09:10:24.488][INFO] Building origin/articles/20220206/index.html...
[2024-02-20 09:10:24.495][INFO] Building origin/articles/20220323/index.html...
[2024-02-20 09:10:24.500][INFO] Building origin/articles/20220708/index.html...
[2024-02-20 09:10:24.516][INFO] Building origin/articles/20220825/index.html...
[2024-02-20 09:10:24.521][INFO] Building origin/articles/20221126/index.html...
[2024-02-20 09:10:24.527][INFO] Building origin/articles/20221224/index.html...
[2024-02-20 09:10:24.532][INFO] Building origin/articles/20230812/index.html...
[2024-02-20 09:10:24.537][INFO] Building origin/articles/20230815/index.html...
[2024-02-20 09:10:24.555][INFO] Building origin/articles/index.html...
[2024-02-20 09:10:24.559][INFO] Building origin/friends/index.html...
[2024-02-20 09:10:24.561][INFO] Building origin/google15e5df7e8b90902d.html...
[2024-02-20 09:10:24.563][INFO] Building origin/index.html...
[2024-02-20 09:10:24.564][INFO] Building origin/platform/signin/index.html...
[2024-02-20 09:10:24.565][INFO] Building origin/platform/signup/index.html...
[2024-02-20 09:10:24.566][INFO] Building origin/tools/code/index.html...
[2024-02-20 09:10:24.567][INFO] Building origin/works/index.html...
[2024-02-20 09:10:24.573][SUCCESS] Build completed.
