[2024-02-21 03:57:54.109][INFO] RenderBuild - v0.1.0
[2024-02-21 03:57:54.113][INFO] Start parsing custom configuration file in ./config.json...
[2024-02-21 03:57:54.113][SUCCESS] Configuration has been changed
[2024-02-21 03:57:54.114][INFO] Start building...
[2024-02-21 03:57:54.116][INFO] Start to build main templates in template/layout.html...
[2024-02-21 03:57:54.117][INFO] Fetching template/static/metaData.html
[2024-02-21 03:57:54.117][INFO] Fetching template/static/preload.html
[2024-02-21 03:57:54.118][INFO] Fetching template/static/css.html
[2024-02-21 03:57:54.118][INFO] Fetching template/static/noscript.css
[2024-02-21 03:57:54.118][INFO] Fetching template/static/icons.html
[2024-02-21 03:57:54.119][INFO] Fetching template/static/loadingShade.html
[2024-02-21 03:57:54.119][INFO] Fetching template/layout/header.html
[2024-02-21 03:57:54.119][INFO] Fetching template/layout/nav.html
[2024-02-21 03:57:54.119][INFO] Fetching template/layout/footer.html
[2024-02-21 03:57:54.119][INFO] Fetching template/layout/sidebar.html
[2024-02-21 03:57:54.119][INFO] Fetching template/layout/menu.html
[2024-02-21 03:57:54.120][INFO] Fetching template/layout/copyright.html
[2024-02-21 03:57:54.120][INFO] Fetching template/layout/sideicon.html
[2024-02-21 03:57:54.120][INFO] Fetching template/layout/infobar.html
[2024-02-21 03:57:54.120][INFO] Fetching template/layout/player.html
[2024-02-21 03:57:54.120][INFO] Fetching template/static/javascript.html
[2024-02-21 03:57:54.136][SUCCESS] Main template successfully built.
[2024-02-21 03:57:54.136][INFO] Starting to build 7 child templates...
[2024-02-21 03:57:54.141][SUCCESS] Child template successfully built.
[2024-02-21 03:57:54.141][INFO] Start copying resource files...
[2024-02-21 03:57:54.163][SUCCESS] File copying completed, start building...
[2024-02-21 03:57:54.164][INFO] Building origin/404.html...
[2024-02-21 03:57:54.170][INFO] Building origin/about/index.html...
[2024-02-21 03:57:54.172][INFO] Building origin/articles/20200816/index.html...
[2024-02-21 03:57:54.177][INFO] Building origin/articles/20210701/index.html...
[2024-02-21 03:57:54.181][INFO] Building origin/articles/20210705/index.html...
[2024-02-21 03:57:54.186][INFO] Building origin/articles/20210719/index.html...
[2024-02-21 03:57:54.190][INFO] Building origin/articles/20220206/index.html...
[2024-02-21 03:57:54.195][INFO] Building origin/articles/20220323/index.html...
[2024-02-21 03:57:54.200][INFO] Building origin/articles/20220708/index.html...
[2024-02-21 03:57:54.217][INFO] Building origin/articles/20220825/index.html...
[2024-02-21 03:57:54.223][INFO] Building origin/articles/20221126/index.html...
[2024-02-21 03:57:54.227][INFO] Building origin/articles/20221224/index.html...
[2024-02-21 03:57:54.232][INFO] Building origin/articles/20230812/index.html...
[2024-02-21 03:57:54.236][INFO] Building origin/articles/20230815/index.html...
[2024-02-21 03:57:54.253][INFO] Building origin/articles/index.html...
[2024-02-21 03:57:54.257][INFO] Building origin/friends/index.html...
[2024-02-21 03:57:54.259][INFO] Building origin/google15e5df7e8b90902d.html...
[2024-02-21 03:57:54.260][INFO] Building origin/index.html...
[2024-02-21 03:57:54.261][INFO] Building origin/platform/signin/index.html...
[2024-02-21 03:57:54.262][INFO] Building origin/platform/signup/index.html...
[2024-02-21 03:57:54.265][INFO] Building origin/tools/code/index.html...
[2024-02-21 03:57:54.266][INFO] Building origin/works/index.html...
[2024-02-21 03:57:54.272][SUCCESS] Build completed.
