[2024-02-21 10:13:34.304][INFO] RenderBuild - v0.1.0
[2024-02-21 10:13:34.308][INFO] Start parsing custom configuration file in ./config.json...
[2024-02-21 10:13:34.308][SUCCESS] Configuration has been changed
[2024-02-21 10:13:34.310][INFO] Start building...
[2024-02-21 10:13:34.311][INFO] Start to build main templates in template/layout.html...
[2024-02-21 10:13:34.312][INFO] Fetching template/static/metaData.html
[2024-02-21 10:13:34.313][INFO] Fetching template/static/preload.html
[2024-02-21 10:13:34.314][INFO] Fetching template/static/css.html
[2024-02-21 10:13:34.314][INFO] Fetching template/static/noscript.css
[2024-02-21 10:13:34.314][INFO] Fetching template/static/icons.html
[2024-02-21 10:13:34.314][INFO] Fetching template/static/loadingShade.html
[2024-02-21 10:13:34.314][INFO] Fetching template/layout/header.html
[2024-02-21 10:13:34.315][INFO] Fetching template/layout/nav.html
[2024-02-21 10:13:34.315][INFO] Fetching template/layout/footer.html
[2024-02-21 10:13:34.315][INFO] Fetching template/layout/sidebar.html
[2024-02-21 10:13:34.315][INFO] Fetching template/layout/menu.html
[2024-02-21 10:13:34.315][INFO] Fetching template/layout/copyright.html
[2024-02-21 10:13:34.316][INFO] Fetching template/layout/sideicon.html
[2024-02-21 10:13:34.316][INFO] Fetching template/layout/infobar.html
[2024-02-21 10:13:34.316][INFO] Fetching template/layout/player.html
[2024-02-21 10:13:34.316][INFO] Fetching template/static/javascript.html
[2024-02-21 10:13:34.338][SUCCESS] Main template successfully built.
[2024-02-21 10:13:34.338][INFO] Starting to build 7 child templates...
[2024-02-21 10:13:34.345][SUCCESS] Child template successfully built.
[2024-02-21 10:13:34.345][INFO] Start copying resource files...
[2024-02-21 10:13:34.370][SUCCESS] File copying completed, start building...
[2024-02-21 10:13:34.370][INFO] Building origin/404.html...
[2024-02-21 10:13:34.376][INFO] Building origin/about/index.html...
[2024-02-21 10:13:34.379][INFO] Building origin/articles/20200816/index.html...
[2024-02-21 10:13:34.382][INFO] Building origin/articles/20210701/index.html...
[2024-02-21 10:13:34.386][INFO] Building origin/articles/20210705/index.html...
[2024-02-21 10:13:34.391][INFO] Building origin/articles/20210719/index.html...
[2024-02-21 10:13:34.396][INFO] Building origin/articles/20220206/index.html...
[2024-02-21 10:13:34.400][INFO] Building origin/articles/20220323/index.html...
[2024-02-21 10:13:34.405][INFO] Building origin/articles/20220708/index.html...
[2024-02-21 10:13:34.434][INFO] Building origin/articles/20220825/index.html...
[2024-02-21 10:13:34.441][INFO] Building origin/articles/20221126/index.html...
[2024-02-21 10:13:34.450][INFO] Building origin/articles/20221224/index.html...
[2024-02-21 10:13:34.455][INFO] Building origin/articles/20230812/index.html...
[2024-02-21 10:13:34.460][INFO] Building origin/articles/20230815/index.html...
[2024-02-21 10:13:34.485][INFO] Building origin/articles/index.html...
[2024-02-21 10:13:34.492][INFO] Building origin/friends/index.html...
[2024-02-21 10:13:34.493][INFO] Building origin/google15e5df7e8b90902d.html...
[2024-02-21 10:13:34.494][INFO] Building origin/index.html...
[2024-02-21 10:13:34.495][INFO] Building origin/platform/signin/index.html...
[2024-02-21 10:13:34.497][INFO] Building origin/platform/signup/index.html...
[2024-02-21 10:13:34.499][INFO] Building origin/tools/code/index.html...
[2024-02-21 10:13:34.500][INFO] Building origin/works/index.html...
[2024-02-21 10:13:34.507][SUCCESS] Build completed.
