[2024-02-06 07:57:39.503][INFO] RenderBuild - v0.1.0
[2024-02-06 07:57:39.512][INFO] Start parsing custom configuration file in ./config.json...
[2024-02-06 07:57:39.513][SUCCESS] Configuration has been changed
[2024-02-06 07:57:39.514][INFO] Start building...
[2024-02-06 07:57:39.516][INFO] Start to build main templates in template/layout.html...
[2024-02-06 07:57:39.518][INFO] Fetching template/static/metaData.html
[2024-02-06 07:57:39.520][INFO] Fetching template/static/preload.html
[2024-02-06 07:57:39.521][INFO] Fetching template/static/css.html
[2024-02-06 07:57:39.521][INFO] Fetching template/static/noscript.css
[2024-02-06 07:57:39.522][INFO] Fetching template/static/icons.html
[2024-02-06 07:57:39.523][INFO] Fetching template/static/loadingShade.html
[2024-02-06 07:57:39.523][INFO] Fetching template/layout/header.html
[2024-02-06 07:57:39.525][INFO] Fetching template/layout/nav.html
[2024-02-06 07:57:39.526][INFO] Fetching template/layout/footer.html
[2024-02-06 07:57:39.526][INFO] Fetching template/layout/sidebar.html
[2024-02-06 07:57:39.527][INFO] Fetching template/layout/menu.html
[2024-02-06 07:57:39.527][INFO] Fetching template/layout/copyright.html
[2024-02-06 07:57:39.527][INFO] Fetching template/layout/sideicon.html
[2024-02-06 07:57:39.528][INFO] Fetching template/layout/infobar.html
[2024-02-06 07:57:39.528][INFO] Fetching template/layout/player.html
[2024-02-06 07:57:39.529][INFO] Fetching template/static/javascript.html
[2024-02-06 07:57:39.558][SUCCESS] Main template successfully built.
[2024-02-06 07:57:39.558][INFO] Starting to build 7 child templates...
[2024-02-06 07:57:39.567][SUCCESS] Child template successfully built.
[2024-02-06 07:57:39.568][INFO] Start copying resource files...
[2024-02-06 07:57:39.603][SUCCESS] File copying completed, start building...
[2024-02-06 07:57:39.604][INFO] Building origin/404.html...
[2024-02-06 07:57:39.624][INFO] Building origin/about/index.html...
[2024-02-06 07:57:39.630][INFO] Building origin/articles/20200816/index.html...
[2024-02-06 07:57:39.635][INFO] Building origin/articles/20210701/index.html...
[2024-02-06 07:57:39.640][INFO] Building origin/articles/20210705/index.html...
[2024-02-06 07:57:39.646][INFO] Building origin/articles/20210719/index.html...
[2024-02-06 07:57:39.651][INFO] Building origin/articles/20220206/index.html...
[2024-02-06 07:57:39.655][INFO] Building origin/articles/20220323/index.html...
[2024-02-06 07:57:39.663][INFO] Building origin/articles/20220708/index.html...
[2024-02-06 07:57:39.698][INFO] Building origin/articles/20220825/index.html...
[2024-02-06 07:57:39.704][INFO] Building origin/articles/20221126/index.html...
[2024-02-06 07:57:39.714][INFO] Building origin/articles/20221224/index.html...
[2024-02-06 07:57:39.720][INFO] Building origin/articles/20230812/index.html...
[2024-02-06 07:57:39.727][INFO] Building origin/articles/20230815/index.html...
[2024-02-06 07:57:39.755][INFO] Building origin/articles/index.html...
[2024-02-06 07:57:39.766][INFO] Building origin/friends/index.html...
[2024-02-06 07:57:39.770][INFO] Building origin/google15e5df7e8b90902d.html...
[2024-02-06 07:57:39.772][INFO] Building origin/index.html...
[2024-02-06 07:57:39.774][INFO] Building origin/platform/signin/index.html...
[2024-02-06 07:57:39.778][INFO] Building origin/platform/signup/index.html...
[2024-02-06 07:57:39.781][INFO] Building origin/tools/code/index.html...
[2024-02-06 07:57:39.783][INFO] Building origin/works/index.html...
[2024-02-06 07:57:39.792][SUCCESS] Build completed.
