[2024-02-20 08:47:47.371][INFO] RenderBuild - v0.1.0
[2024-02-20 08:47:47.375][INFO] Start parsing custom configuration file in ./config.json...
[2024-02-20 08:47:47.375][SUCCESS] Configuration has been changed
[2024-02-20 08:47:47.377][INFO] Start building...
[2024-02-20 08:47:47.378][INFO] Start to build main templates in template/layout.html...
[2024-02-20 08:47:47.379][INFO] Fetching template/static/metaData.html
[2024-02-20 08:47:47.380][INFO] Fetching template/static/preload.html
[2024-02-20 08:47:47.381][INFO] Fetching template/static/css.html
[2024-02-20 08:47:47.381][INFO] Fetching template/static/noscript.css
[2024-02-20 08:47:47.381][INFO] Fetching template/static/icons.html
[2024-02-20 08:47:47.381][INFO] Fetching template/static/loadingShade.html
[2024-02-20 08:47:47.382][INFO] Fetching template/layout/header.html
[2024-02-20 08:47:47.382][INFO] Fetching template/layout/nav.html
[2024-02-20 08:47:47.382][INFO] Fetching template/layout/footer.html
[2024-02-20 08:47:47.382][INFO] Fetching template/layout/sidebar.html
[2024-02-20 08:47:47.382][INFO] Fetching template/layout/menu.html
[2024-02-20 08:47:47.382][INFO] Fetching template/layout/copyright.html
[2024-02-20 08:47:47.383][INFO] Fetching template/layout/sideicon.html
[2024-02-20 08:47:47.383][INFO] Fetching template/layout/infobar.html
[2024-02-20 08:47:47.383][INFO] Fetching template/layout/player.html
[2024-02-20 08:47:47.383][INFO] Fetching template/static/javascript.html
[2024-02-20 08:47:47.404][SUCCESS] Main template successfully built.
[2024-02-20 08:47:47.404][INFO] Starting to build 7 child templates...
[2024-02-20 08:47:47.411][SUCCESS] Child template successfully built.
[2024-02-20 08:47:47.411][INFO] Start copying resource files...
[2024-02-20 08:47:47.437][SUCCESS] File copying completed, start building...
[2024-02-20 08:47:47.438][INFO] Building origin/404.html...
[2024-02-20 08:47:47.445][INFO] Building origin/about/index.html...
[2024-02-20 08:47:47.448][INFO] Building origin/articles/20200816/index.html...
[2024-02-20 08:47:47.453][INFO] Building origin/articles/20210701/index.html...
[2024-02-20 08:47:47.461][INFO] Building origin/articles/20210705/index.html...
[2024-02-20 08:47:47.468][INFO] Building origin/articles/20210719/index.html...
[2024-02-20 08:47:47.471][INFO] Building origin/articles/20220206/index.html...
[2024-02-20 08:47:47.475][INFO] Building origin/articles/20220323/index.html...
[2024-02-20 08:47:47.480][INFO] Building origin/articles/20220708/index.html...
[2024-02-20 08:47:47.501][INFO] Building origin/articles/20220825/index.html...
[2024-02-20 08:47:47.508][INFO] Building origin/articles/20221126/index.html...
[2024-02-20 08:47:47.516][INFO] Building origin/articles/20221224/index.html...
[2024-02-20 08:47:47.524][INFO] Building origin/articles/20230812/index.html...
[2024-02-20 08:47:47.528][INFO] Building origin/articles/20230815/index.html...
[2024-02-20 08:47:47.545][INFO] Building origin/articles/index.html...
[2024-02-20 08:47:47.548][INFO] Building origin/friends/index.html...
[2024-02-20 08:47:47.550][INFO] Building origin/google15e5df7e8b90902d.html...
[2024-02-20 08:47:47.552][INFO] Building origin/index.html...
[2024-02-20 08:47:47.553][INFO] Building origin/platform/signin/index.html...
[2024-02-20 08:47:47.555][INFO] Building origin/platform/signup/index.html...
[2024-02-20 08:47:47.557][INFO] Building origin/tools/code/index.html...
[2024-02-20 08:47:47.559][INFO] Building origin/works/index.html...
[2024-02-20 08:47:47.566][SUCCESS] Build completed.
