[2024-02-22 05:06:22.812][INFO] RenderBuild - v0.1.0
[2024-02-22 05:06:22.817][INFO] Start parsing custom configuration file in ./config.json...
[2024-02-22 05:06:22.818][SUCCESS] Configuration has been changed
[2024-02-22 05:06:22.819][INFO] Start building...
[2024-02-22 05:06:22.820][INFO] Start to build main templates in template/layout.html...
[2024-02-22 05:06:22.821][INFO] Fetching template/static/metaData.html
[2024-02-22 05:06:22.822][INFO] Fetching template/static/preload.html
[2024-02-22 05:06:22.822][INFO] Fetching template/static/css.html
[2024-02-22 05:06:22.823][INFO] Fetching template/static/noscript.css
[2024-02-22 05:06:22.823][INFO] Fetching template/static/icons.html
[2024-02-22 05:06:22.823][INFO] Fetching template/static/loadingShade.html
[2024-02-22 05:06:22.823][INFO] Fetching template/layout/header.html
[2024-02-22 05:06:22.823][INFO] Fetching template/layout/nav.html
[2024-02-22 05:06:22.823][INFO] Fetching template/layout/footer.html
[2024-02-22 05:06:22.824][INFO] Fetching template/layout/sidebar.html
[2024-02-22 05:06:22.824][INFO] Fetching template/layout/menu.html
[2024-02-22 05:06:22.824][INFO] Fetching template/layout/copyright.html
[2024-02-22 05:06:22.825][INFO] Fetching template/layout/sideicon.html
[2024-02-22 05:06:22.825][INFO] Fetching template/layout/infobar.html
[2024-02-22 05:06:22.825][INFO] Fetching template/layout/player.html
[2024-02-22 05:06:22.825][INFO] Fetching template/static/javascript.html
[2024-02-22 05:06:22.839][SUCCESS] Main template successfully built.
[2024-02-22 05:06:22.839][INFO] Starting to build 7 child templates...
[2024-02-22 05:06:22.844][SUCCESS] Child template successfully built.
[2024-02-22 05:06:22.844][INFO] Start copying resource files...
[2024-02-22 05:06:22.866][SUCCESS] File copying completed, start building...
[2024-02-22 05:06:22.866][INFO] Building origin/404.html...
[2024-02-22 05:06:22.872][INFO] Building origin/about/index.html...
[2024-02-22 05:06:22.874][INFO] Building origin/articles/20200816/index.html...
[2024-02-22 05:06:22.878][INFO] Building origin/articles/20210701/index.html...
[2024-02-22 05:06:22.882][INFO] Building origin/articles/20210705/index.html...
[2024-02-22 05:06:22.886][INFO] Building origin/articles/20210719/index.html...
[2024-02-22 05:06:22.891][INFO] Building origin/articles/20220206/index.html...
[2024-02-22 05:06:22.897][INFO] Building origin/articles/20220323/index.html...
[2024-02-22 05:06:22.903][INFO] Building origin/articles/20220708/index.html...
[2024-02-22 05:06:22.918][INFO] Building origin/articles/20220825/index.html...
[2024-02-22 05:06:22.925][INFO] Building origin/articles/20221126/index.html...
[2024-02-22 05:06:22.931][INFO] Building origin/articles/20221224/index.html...
[2024-02-22 05:06:22.935][INFO] Building origin/articles/20230812/index.html...
[2024-02-22 05:06:22.940][INFO] Building origin/articles/20230815/index.html...
[2024-02-22 05:06:22.955][INFO] Building origin/articles/index.html...
[2024-02-22 05:06:22.960][INFO] Building origin/friends/index.html...
[2024-02-22 05:06:22.962][INFO] Building origin/google15e5df7e8b90902d.html...
[2024-02-22 05:06:22.964][INFO] Building origin/index.html...
[2024-02-22 05:06:22.965][INFO] Building origin/platform/signin/index.html...
[2024-02-22 05:06:22.967][INFO] Building origin/platform/signup/index.html...
[2024-02-22 05:06:22.969][INFO] Building origin/tools/code/index.html...
[2024-02-22 05:06:22.971][INFO] Building origin/works/index.html...
[2024-02-22 05:06:22.978][SUCCESS] Build completed.
