[2024-02-22 05:05:00.266][INFO] RenderBuild - v0.1.0
[2024-02-22 05:05:00.270][INFO] Start parsing custom configuration file in ./config.json...
[2024-02-22 05:05:00.270][SUCCESS] Configuration has been changed
[2024-02-22 05:05:00.271][INFO] Start building...
[2024-02-22 05:05:00.272][INFO] Start to build main templates in template/layout.html...
[2024-02-22 05:05:00.273][INFO] Fetching template/static/metaData.html
[2024-02-22 05:05:00.274][INFO] Fetching template/static/preload.html
[2024-02-22 05:05:00.274][INFO] Fetching template/static/css.html
[2024-02-22 05:05:00.275][INFO] Fetching template/static/noscript.css
[2024-02-22 05:05:00.275][INFO] Fetching template/static/icons.html
[2024-02-22 05:05:00.275][INFO] Fetching template/static/loadingShade.html
[2024-02-22 05:05:00.275][INFO] Fetching template/layout/header.html
[2024-02-22 05:05:00.276][INFO] Fetching template/layout/nav.html
[2024-02-22 05:05:00.276][INFO] Fetching template/layout/footer.html
[2024-02-22 05:05:00.276][INFO] Fetching template/layout/sidebar.html
[2024-02-22 05:05:00.276][INFO] Fetching template/layout/menu.html
[2024-02-22 05:05:00.276][INFO] Fetching template/layout/copyright.html
[2024-02-22 05:05:00.277][INFO] Fetching template/layout/sideicon.html
[2024-02-22 05:05:00.277][INFO] Fetching template/layout/infobar.html
[2024-02-22 05:05:00.277][INFO] Fetching template/layout/player.html
[2024-02-22 05:05:00.277][INFO] Fetching template/static/javascript.html
[2024-02-22 05:05:00.292][SUCCESS] Main template successfully built.
[2024-02-22 05:05:00.292][INFO] Starting to build 7 child templates...
[2024-02-22 05:05:00.297][SUCCESS] Child template successfully built.
[2024-02-22 05:05:00.297][INFO] Start copying resource files...
[2024-02-22 05:05:00.318][SUCCESS] File copying completed, start building...
[2024-02-22 05:05:00.318][INFO] Building origin/404.html...
[2024-02-22 05:05:00.324][INFO] Building origin/about/index.html...
[2024-02-22 05:05:00.327][INFO] Building origin/articles/20200816/index.html...
[2024-02-22 05:05:00.330][INFO] Building origin/articles/20210701/index.html...
[2024-02-22 05:05:00.335][INFO] Building origin/articles/20210705/index.html...
[2024-02-22 05:05:00.338][INFO] Building origin/articles/20210719/index.html...
[2024-02-22 05:05:00.342][INFO] Building origin/articles/20220206/index.html...
[2024-02-22 05:05:00.346][INFO] Building origin/articles/20220323/index.html...
[2024-02-22 05:05:00.350][INFO] Building origin/articles/20220708/index.html...
[2024-02-22 05:05:00.367][INFO] Building origin/articles/20220825/index.html...
[2024-02-22 05:05:00.373][INFO] Building origin/articles/20221126/index.html...
[2024-02-22 05:05:00.379][INFO] Building origin/articles/20221224/index.html...
[2024-02-22 05:05:00.384][INFO] Building origin/articles/20230812/index.html...
[2024-02-22 05:05:00.389][INFO] Building origin/articles/20230815/index.html...
[2024-02-22 05:05:00.406][INFO] Building origin/articles/index.html...
[2024-02-22 05:05:00.410][INFO] Building origin/friends/index.html...
[2024-02-22 05:05:00.412][INFO] Building origin/google15e5df7e8b90902d.html...
[2024-02-22 05:05:00.413][INFO] Building origin/index.html...
[2024-02-22 05:05:00.415][INFO] Building origin/platform/signin/index.html...
[2024-02-22 05:05:00.417][INFO] Building origin/platform/signup/index.html...
[2024-02-22 05:05:00.419][INFO] Building origin/tools/code/index.html...
[2024-02-22 05:05:00.421][INFO] Building origin/works/index.html...
[2024-02-22 05:05:00.426][SUCCESS] Build completed.
