[2024-02-06 07:56:58.429][INFO] RenderBuild - v0.1.0
[2024-02-06 07:56:58.438][INFO] Start parsing custom configuration file in ./config.json...
[2024-02-06 07:56:58.439][SUCCESS] Configuration has been changed
[2024-02-06 07:56:58.440][INFO] Start building...
[2024-02-06 07:56:58.442][INFO] Start to build main templates in template/layout.html...
[2024-02-06 07:56:58.444][INFO] Fetching template/static/metaData.html
[2024-02-06 07:56:58.446][INFO] Fetching template/static/preload.html
[2024-02-06 07:56:58.447][INFO] Fetching template/static/css.html
[2024-02-06 07:56:58.447][INFO] Fetching template/static/noscript.css
[2024-02-06 07:56:58.448][INFO] Fetching template/static/icons.html
[2024-02-06 07:56:58.449][INFO] Fetching template/static/loadingShade.html
[2024-02-06 07:56:58.450][INFO] Fetching template/layout/header.html
[2024-02-06 07:56:58.451][INFO] Fetching template/layout/nav.html
[2024-02-06 07:56:58.452][INFO] Fetching template/layout/footer.html
[2024-02-06 07:56:58.453][INFO] Fetching template/layout/sidebar.html
[2024-02-06 07:56:58.454][INFO] Fetching template/layout/menu.html
[2024-02-06 07:56:58.454][INFO] Fetching template/layout/copyright.html
[2024-02-06 07:56:58.454][INFO] Fetching template/layout/sideicon.html
[2024-02-06 07:56:58.456][INFO] Fetching template/layout/infobar.html
[2024-02-06 07:56:58.458][INFO] Fetching template/layout/player.html
[2024-02-06 07:56:58.458][INFO] Fetching template/static/javascript.html
[2024-02-06 07:56:58.485][SUCCESS] Main template successfully built.
[2024-02-06 07:56:58.485][INFO] Starting to build 7 child templates...
[2024-02-06 07:56:58.492][SUCCESS] Child template successfully built.
[2024-02-06 07:56:58.493][INFO] Start copying resource files...
[2024-02-06 07:56:58.503][SUCCESS] File copying completed, start building...
[2024-02-06 07:56:58.504][INFO] Building origin/404.html...
[2024-02-06 07:56:58.518][INFO] Building origin/about/index.html...
[2024-02-06 07:56:58.526][INFO] Building origin/articles/20200816/index.html...
[2024-02-06 07:56:58.538][INFO] Building origin/articles/20210701/index.html...
[2024-02-06 07:56:58.542][INFO] Building origin/articles/20210705/index.html...
[2024-02-06 07:56:58.546][INFO] Building origin/articles/20210719/index.html...
[2024-02-06 07:56:58.551][INFO] Building origin/articles/20220206/index.html...
[2024-02-06 07:56:58.555][INFO] Building origin/articles/20220323/index.html...
[2024-02-06 07:56:58.561][INFO] Building origin/articles/20220708/index.html...
[2024-02-06 07:56:58.595][INFO] Building origin/articles/20220825/index.html...
[2024-02-06 07:56:58.601][INFO] Building origin/articles/20221126/index.html...
[2024-02-06 07:56:58.612][INFO] Building origin/articles/20221224/index.html...
[2024-02-06 07:56:58.619][INFO] Building origin/articles/20230812/index.html...
[2024-02-06 07:56:58.631][INFO] Building origin/articles/20230815/index.html...
[2024-02-06 07:56:58.659][INFO] Building origin/articles/index.html...
[2024-02-06 07:56:58.668][INFO] Building origin/friends/index.html...
[2024-02-06 07:56:58.672][INFO] Building origin/google15e5df7e8b90902d.html...
[2024-02-06 07:56:58.675][INFO] Building origin/index.html...
[2024-02-06 07:56:58.677][INFO] Building origin/platform/signin/index.html...
[2024-02-06 07:56:58.681][INFO] Building origin/platform/signup/index.html...
[2024-02-06 07:56:58.687][INFO] Building origin/tools/code/index.html...
[2024-02-06 07:56:58.690][INFO] Building origin/works/index.html...
[2024-02-06 07:56:58.697][SUCCESS] Build completed.
