[2024-02-06 08:14:49.240][INFO] RenderBuild - v0.1.0
[2024-02-06 08:14:49.250][INFO] Start parsing custom configuration file in ./config.json...
[2024-02-06 08:14:49.250][SUCCESS] Configuration has been changed
[2024-02-06 08:14:49.251][INFO] Start building...
[2024-02-06 08:14:49.253][INFO] Start to build main templates in template/layout.html...
[2024-02-06 08:14:49.254][INFO] Fetching template/static/metaData.html
[2024-02-06 08:14:49.256][INFO] Fetching template/static/preload.html
[2024-02-06 08:14:49.257][INFO] Fetching template/static/css.html
[2024-02-06 08:14:49.258][INFO] Fetching template/static/noscript.css
[2024-02-06 08:14:49.258][INFO] Fetching template/static/icons.html
[2024-02-06 08:14:49.259][INFO] Fetching template/static/loadingShade.html
[2024-02-06 08:14:49.259][INFO] Fetching template/layout/header.html
[2024-02-06 08:14:49.261][INFO] Fetching template/layout/nav.html
[2024-02-06 08:14:49.261][INFO] Fetching template/layout/footer.html
[2024-02-06 08:14:49.261][INFO] Fetching template/layout/sidebar.html
[2024-02-06 08:14:49.262][INFO] Fetching template/layout/menu.html
[2024-02-06 08:14:49.262][INFO] Fetching template/layout/copyright.html
[2024-02-06 08:14:49.262][INFO] Fetching template/layout/sideicon.html
[2024-02-06 08:14:49.263][INFO] Fetching template/layout/infobar.html
[2024-02-06 08:14:49.263][INFO] Fetching template/layout/player.html
[2024-02-06 08:14:49.263][INFO] Fetching template/static/javascript.html
[2024-02-06 08:14:49.288][SUCCESS] Main template successfully built.
[2024-02-06 08:14:49.289][INFO] Starting to build 7 child templates...
[2024-02-06 08:14:49.295][SUCCESS] Child template successfully built.
[2024-02-06 08:14:49.296][INFO] Start copying resource files...
[2024-02-06 08:14:49.323][SUCCESS] File copying completed, start building...
[2024-02-06 08:14:49.323][INFO] Building origin/404.html...
[2024-02-06 08:14:49.338][INFO] Building origin/about/index.html...
[2024-02-06 08:14:49.342][INFO] Building origin/articles/20200816/index.html...
[2024-02-06 08:14:49.348][INFO] Building origin/articles/20210701/index.html...
[2024-02-06 08:14:49.359][INFO] Building origin/articles/20210705/index.html...
[2024-02-06 08:14:49.364][INFO] Building origin/articles/20210719/index.html...
[2024-02-06 08:14:49.368][INFO] Building origin/articles/20220206/index.html...
[2024-02-06 08:14:49.372][INFO] Building origin/articles/20220323/index.html...
[2024-02-06 08:14:49.377][INFO] Building origin/articles/20220708/index.html...
[2024-02-06 08:14:49.410][INFO] Building origin/articles/20220825/index.html...
[2024-02-06 08:14:49.416][INFO] Building origin/articles/20221126/index.html...
[2024-02-06 08:14:49.427][INFO] Building origin/articles/20221224/index.html...
[2024-02-06 08:14:49.434][INFO] Building origin/articles/20230812/index.html...
[2024-02-06 08:14:49.440][INFO] Building origin/articles/20230815/index.html...
[2024-02-06 08:14:49.473][INFO] Building origin/articles/index.html...
[2024-02-06 08:14:49.497][INFO] Building origin/friends/index.html...
[2024-02-06 08:14:49.500][INFO] Building origin/google15e5df7e8b90902d.html...
[2024-02-06 08:14:49.502][INFO] Building origin/index.html...
[2024-02-06 08:14:49.503][INFO] Building origin/platform/signin/index.html...
[2024-02-06 08:14:49.506][INFO] Building origin/platform/signup/index.html...
[2024-02-06 08:14:49.508][INFO] Building origin/tools/code/index.html...
[2024-02-06 08:14:49.510][INFO] Building origin/works/index.html...
[2024-02-06 08:14:49.516][SUCCESS] Build completed.
