[2024-02-06 08:02:56.268][INFO] RenderBuild - v0.1.0
[2024-02-06 08:02:56.277][INFO] Start parsing custom configuration file in ./config.json...
[2024-02-06 08:02:56.278][SUCCESS] Configuration has been changed
[2024-02-06 08:02:56.279][WARNING] No output folder found, but successfully created
[2024-02-06 08:02:56.280][INFO] Start building...
[2024-02-06 08:02:56.282][INFO] Start to build main templates in template/layout.html...
[2024-02-06 08:02:56.283][INFO] Fetching template/static/metaData.html
[2024-02-06 08:02:56.286][INFO] Fetching template/static/preload.html
[2024-02-06 08:02:56.287][INFO] Fetching template/static/css.html
[2024-02-06 08:02:56.290][INFO] Fetching template/static/noscript.css
[2024-02-06 08:02:56.292][INFO] Fetching template/static/icons.html
[2024-02-06 08:02:56.294][INFO] Fetching template/static/loadingShade.html
[2024-02-06 08:02:56.295][INFO] Fetching template/layout/header.html
[2024-02-06 08:02:56.301][INFO] Fetching template/layout/nav.html
[2024-02-06 08:02:56.301][INFO] Fetching template/layout/footer.html
[2024-02-06 08:02:56.302][INFO] Fetching template/layout/sidebar.html
[2024-02-06 08:02:56.303][INFO] Fetching template/layout/menu.html
[2024-02-06 08:02:56.304][INFO] Fetching template/layout/copyright.html
[2024-02-06 08:02:56.304][INFO] Fetching template/layout/sideicon.html
[2024-02-06 08:02:56.304][INFO] Fetching template/layout/infobar.html
[2024-02-06 08:02:56.305][INFO] Fetching template/layout/player.html
[2024-02-06 08:02:56.306][INFO] Fetching template/static/javascript.html
[2024-02-06 08:02:56.339][SUCCESS] Main template successfully built.
[2024-02-06 08:02:56.339][INFO] Starting to build 7 child templates...
[2024-02-06 08:02:56.347][SUCCESS] Child template successfully built.
[2024-02-06 08:02:56.347][INFO] Start copying resource files...
[2024-02-06 08:02:56.368][SUCCESS] File copying completed, start building...
[2024-02-06 08:02:56.368][INFO] Building origin/404.html...
[2024-02-06 08:02:56.382][INFO] Building origin/about/index.html...
[2024-02-06 08:02:56.389][INFO] Building origin/articles/20200816/index.html...
[2024-02-06 08:02:56.403][INFO] Building origin/articles/20210701/index.html...
[2024-02-06 08:02:56.407][INFO] Building origin/articles/20210705/index.html...
[2024-02-06 08:02:56.412][INFO] Building origin/articles/20210719/index.html...
[2024-02-06 08:02:56.417][INFO] Building origin/articles/20220206/index.html...
[2024-02-06 08:02:56.422][INFO] Building origin/articles/20220323/index.html...
[2024-02-06 08:02:56.428][INFO] Building origin/articles/20220708/index.html...
[2024-02-06 08:02:56.464][INFO] Building origin/articles/20220825/index.html...
[2024-02-06 08:02:56.469][INFO] Building origin/articles/20221126/index.html...
[2024-02-06 08:02:56.480][INFO] Building origin/articles/20221224/index.html...
[2024-02-06 08:02:56.486][INFO] Building origin/articles/20230812/index.html...
[2024-02-06 08:02:56.493][INFO] Building origin/articles/20230815/index.html...
[2024-02-06 08:02:56.525][INFO] Building origin/articles/index.html...
[2024-02-06 08:02:56.532][INFO] Building origin/friends/index.html...
[2024-02-06 08:02:56.536][INFO] Building origin/google15e5df7e8b90902d.html...
[2024-02-06 08:02:56.539][INFO] Building origin/index.html...
[2024-02-06 08:02:56.541][INFO] Building origin/platform/signin/index.html...
[2024-02-06 08:02:56.545][INFO] Building origin/platform/signup/index.html...
[2024-02-06 08:02:56.548][INFO] Building origin/tools/code/index.html...
[2024-02-06 08:02:56.551][INFO] Building origin/works/index.html...
[2024-02-06 08:02:56.558][SUCCESS] Build completed.
