[2024-02-06 08:09:51.419][INFO] RenderBuild - v0.1.0
[2024-02-06 08:09:51.433][INFO] Start parsing custom configuration file in ./config.json...
[2024-02-06 08:09:51.434][SUCCESS] Configuration has been changed
[2024-02-06 08:09:51.435][INFO] Start building...
[2024-02-06 08:09:51.442][INFO] Start to build main templates in template/layout.html...
[2024-02-06 08:09:51.445][INFO] Fetching template/static/metaData.html
[2024-02-06 08:09:51.450][INFO] Fetching template/static/preload.html
[2024-02-06 08:09:51.452][INFO] Fetching template/static/css.html
[2024-02-06 08:09:51.454][INFO] Fetching template/static/noscript.css
[2024-02-06 08:09:51.455][INFO] Fetching template/static/icons.html
[2024-02-06 08:09:51.456][INFO] Fetching template/static/loadingShade.html
[2024-02-06 08:09:51.458][INFO] Fetching template/layout/header.html
[2024-02-06 08:09:51.460][INFO] Fetching template/layout/nav.html
[2024-02-06 08:09:51.461][INFO] Fetching template/layout/footer.html
[2024-02-06 08:09:51.462][INFO] Fetching template/layout/sidebar.html
[2024-02-06 08:09:51.463][INFO] Fetching template/layout/menu.html
[2024-02-06 08:09:51.464][INFO] Fetching template/layout/copyright.html
[2024-02-06 08:09:51.464][INFO] Fetching template/layout/sideicon.html
[2024-02-06 08:09:51.466][INFO] Fetching template/layout/infobar.html
[2024-02-06 08:09:51.467][INFO] Fetching template/layout/player.html
[2024-02-06 08:09:51.470][INFO] Fetching template/static/javascript.html
[2024-02-06 08:09:51.512][SUCCESS] Main template successfully built.
[2024-02-06 08:09:51.512][INFO] Starting to build 7 child templates...
[2024-02-06 08:09:51.528][SUCCESS] Child template successfully built.
[2024-02-06 08:09:51.529][INFO] Start copying resource files...
[2024-02-06 08:09:51.576][SUCCESS] File copying completed, start building...
[2024-02-06 08:09:51.576][INFO] Building origin/404.html...
[2024-02-06 08:09:51.606][INFO] Building origin/about/index.html...
[2024-02-06 08:09:51.616][INFO] Building origin/articles/20200816/index.html...
[2024-02-06 08:09:51.624][INFO] Building origin/articles/20210701/index.html...
[2024-02-06 08:09:51.633][INFO] Building origin/articles/20210705/index.html...
[2024-02-06 08:09:51.639][INFO] Building origin/articles/20210719/index.html...
[2024-02-06 08:09:51.645][INFO] Building origin/articles/20220206/index.html...
[2024-02-06 08:09:51.650][INFO] Building origin/articles/20220323/index.html...
[2024-02-06 08:09:51.657][INFO] Building origin/articles/20220708/index.html...
[2024-02-06 08:09:51.701][INFO] Building origin/articles/20220825/index.html...
[2024-02-06 08:09:51.711][INFO] Building origin/articles/20221126/index.html...
[2024-02-06 08:09:51.723][INFO] Building origin/articles/20221224/index.html...
[2024-02-06 08:09:51.730][INFO] Building origin/articles/20230812/index.html...
[2024-02-06 08:09:51.742][INFO] Building origin/articles/20230815/index.html...
[2024-02-06 08:09:51.777][INFO] Building origin/articles/index.html...
[2024-02-06 08:09:51.783][INFO] Building origin/friends/index.html...
[2024-02-06 08:09:51.787][INFO] Building origin/google15e5df7e8b90902d.html...
[2024-02-06 08:09:51.790][INFO] Building origin/index.html...
[2024-02-06 08:09:51.794][INFO] Building origin/platform/signin/index.html...
[2024-02-06 08:09:51.799][INFO] Building origin/platform/signup/index.html...
[2024-02-06 08:09:51.804][INFO] Building origin/tools/code/index.html...
[2024-02-06 08:09:51.807][INFO] Building origin/works/index.html...
[2024-02-06 08:09:51.823][SUCCESS] Build completed.
