[2024-02-21 03:39:54.135][INFO] RenderBuild - v0.1.0
[2024-02-21 03:39:54.139][INFO] Start parsing custom configuration file in ./config.json...
[2024-02-21 03:39:54.139][SUCCESS] Configuration has been changed
[2024-02-21 03:39:54.140][INFO] Start building...
[2024-02-21 03:39:54.142][INFO] Start to build main templates in template/layout.html...
[2024-02-21 03:39:54.143][INFO] Fetching template/static/metaData.html
[2024-02-21 03:39:54.143][INFO] Fetching template/static/preload.html
[2024-02-21 03:39:54.144][INFO] Fetching template/static/css.html
[2024-02-21 03:39:54.144][INFO] Fetching template/static/noscript.css
[2024-02-21 03:39:54.144][INFO] Fetching template/static/icons.html
[2024-02-21 03:39:54.144][INFO] Fetching template/static/loadingShade.html
[2024-02-21 03:39:54.144][INFO] Fetching template/layout/header.html
[2024-02-21 03:39:54.145][INFO] Fetching template/layout/nav.html
[2024-02-21 03:39:54.145][INFO] Fetching template/layout/footer.html
[2024-02-21 03:39:54.145][INFO] Fetching template/layout/sidebar.html
[2024-02-21 03:39:54.145][INFO] Fetching template/layout/menu.html
[2024-02-21 03:39:54.145][INFO] Fetching template/layout/copyright.html
[2024-02-21 03:39:54.146][INFO] Fetching template/layout/sideicon.html
[2024-02-21 03:39:54.146][INFO] Fetching template/layout/infobar.html
[2024-02-21 03:39:54.146][INFO] Fetching template/layout/player.html
[2024-02-21 03:39:54.147][INFO] Fetching template/static/javascript.html
[2024-02-21 03:39:54.171][SUCCESS] Main template successfully built.
[2024-02-21 03:39:54.172][INFO] Starting to build 7 child templates...
[2024-02-21 03:39:54.179][SUCCESS] Child template successfully built.
[2024-02-21 03:39:54.179][INFO] Start copying resource files...
[2024-02-21 03:39:54.204][SUCCESS] File copying completed, start building...
[2024-02-21 03:39:54.204][INFO] Building origin/404.html...
[2024-02-21 03:39:54.209][INFO] Building origin/about/index.html...
[2024-02-21 03:39:54.212][INFO] Building origin/articles/20200816/index.html...
[2024-02-21 03:39:54.215][INFO] Building origin/articles/20210701/index.html...
[2024-02-21 03:39:54.219][INFO] Building origin/articles/20210705/index.html...
[2024-02-21 03:39:54.223][INFO] Building origin/articles/20210719/index.html...
[2024-02-21 03:39:54.227][INFO] Building origin/articles/20220206/index.html...
[2024-02-21 03:39:54.230][INFO] Building origin/articles/20220323/index.html...
[2024-02-21 03:39:54.235][INFO] Building origin/articles/20220708/index.html...
[2024-02-21 03:39:54.253][INFO] Building origin/articles/20220825/index.html...
[2024-02-21 03:39:54.258][INFO] Building origin/articles/20221126/index.html...
[2024-02-21 03:39:54.262][INFO] Building origin/articles/20221224/index.html...
[2024-02-21 03:39:54.266][INFO] Building origin/articles/20230812/index.html...
[2024-02-21 03:39:54.271][INFO] Building origin/articles/20230815/index.html...
[2024-02-21 03:39:54.289][INFO] Building origin/articles/index.html...
[2024-02-21 03:39:54.293][INFO] Building origin/friends/index.html...
[2024-02-21 03:39:54.295][INFO] Building origin/google15e5df7e8b90902d.html...
[2024-02-21 03:39:54.296][INFO] Building origin/index.html...
[2024-02-21 03:39:54.298][INFO] Building origin/platform/signin/index.html...
[2024-02-21 03:39:54.300][INFO] Building origin/platform/signup/index.html...
[2024-02-21 03:39:54.302][INFO] Building origin/tools/code/index.html...
[2024-02-21 03:39:54.304][INFO] Building origin/works/index.html...
[2024-02-21 03:39:54.310][SUCCESS] Build completed.
