[2024-02-22 07:18:43.374][INFO] RenderBuild - v0.1.0
[2024-02-22 07:18:43.379][INFO] Start parsing custom configuration file in ./config.json...
[2024-02-22 07:18:43.379][SUCCESS] Configuration has been changed
[2024-02-22 07:18:43.380][INFO] Start building...
[2024-02-22 07:18:43.382][INFO] Start to build main templates in template/layout.html...
[2024-02-22 07:18:43.382][INFO] Fetching template/static/metaData.html
[2024-02-22 07:18:43.383][INFO] Fetching template/static/preload.html
[2024-02-22 07:18:43.383][INFO] Fetching template/static/css.html
[2024-02-22 07:18:43.384][INFO] Fetching template/static/noscript.css
[2024-02-22 07:18:43.384][INFO] Fetching template/static/icons.html
[2024-02-22 07:18:43.384][INFO] Fetching template/static/loadingShade.html
[2024-02-22 07:18:43.384][INFO] Fetching template/layout/header.html
[2024-02-22 07:18:43.385][INFO] Fetching template/layout/nav.html
[2024-02-22 07:18:43.385][INFO] Fetching template/layout/footer.html
[2024-02-22 07:18:43.385][INFO] Fetching template/layout/sidebar.html
[2024-02-22 07:18:43.385][INFO] Fetching template/layout/menu.html
[2024-02-22 07:18:43.385][INFO] Fetching template/layout/copyright.html
[2024-02-22 07:18:43.386][INFO] Fetching template/layout/sideicon.html
[2024-02-22 07:18:43.386][INFO] Fetching template/layout/infobar.html
[2024-02-22 07:18:43.386][INFO] Fetching template/layout/player.html
[2024-02-22 07:18:43.386][INFO] Fetching template/static/javascript.html
[2024-02-22 07:18:43.402][SUCCESS] Main template successfully built.
[2024-02-22 07:18:43.402][INFO] Starting to build 7 child templates...
[2024-02-22 07:18:43.407][SUCCESS] Child template successfully built.
[2024-02-22 07:18:43.407][INFO] Start copying resource files...
[2024-02-22 07:18:43.428][SUCCESS] File copying completed, start building...
[2024-02-22 07:18:43.428][INFO] Building origin/404.html...
[2024-02-22 07:18:43.434][INFO] Building origin/about/index.html...
[2024-02-22 07:18:43.437][INFO] Building origin/articles/20200816/index.html...
[2024-02-22 07:18:43.441][INFO] Building origin/articles/20210701/index.html...
[2024-02-22 07:18:43.445][INFO] Building origin/articles/20210705/index.html...
[2024-02-22 07:18:43.450][INFO] Building origin/articles/20210719/index.html...
[2024-02-22 07:18:43.454][INFO] Building origin/articles/20220206/index.html...
[2024-02-22 07:18:43.458][INFO] Building origin/articles/20220323/index.html...
[2024-02-22 07:18:43.463][INFO] Building origin/articles/20220708/index.html...
[2024-02-22 07:18:43.486][INFO] Building origin/articles/20220825/index.html...
[2024-02-22 07:18:43.493][INFO] Building origin/articles/20221126/index.html...
[2024-02-22 07:18:43.497][INFO] Building origin/articles/20221224/index.html...
[2024-02-22 07:18:43.502][INFO] Building origin/articles/20230812/index.html...
[2024-02-22 07:18:43.508][INFO] Building origin/articles/20230815/index.html...
[2024-02-22 07:18:43.526][INFO] Building origin/articles/index.html...
[2024-02-22 07:18:43.530][INFO] Building origin/friends/index.html...
[2024-02-22 07:18:43.533][INFO] Building origin/google15e5df7e8b90902d.html...
[2024-02-22 07:18:43.534][INFO] Building origin/index.html...
[2024-02-22 07:18:43.535][INFO] Building origin/platform/signin/index.html...
[2024-02-22 07:18:43.536][INFO] Building origin/platform/signup/index.html...
[2024-02-22 07:18:43.538][INFO] Building origin/tools/code/index.html...
[2024-02-22 07:18:43.539][INFO] Building origin/works/index.html...
[2024-02-22 07:18:43.546][SUCCESS] Build completed.
