[2024-02-23 11:01:58.111][INFO] RenderBuild - v0.1.0
[2024-02-23 11:01:58.115][INFO] Start parsing custom configuration file in ./config.json...
[2024-02-23 11:01:58.115][SUCCESS] Configuration has been changed
[2024-02-23 11:01:58.117][INFO] Start building...
[2024-02-23 11:01:58.119][INFO] Start to build main templates in template/layout.html...
[2024-02-23 11:01:58.120][INFO] Fetching template/static/metaData.html
[2024-02-23 11:01:58.121][INFO] Fetching template/static/preload.html
[2024-02-23 11:01:58.121][INFO] Fetching template/static/css.html
[2024-02-23 11:01:58.122][INFO] Fetching template/static/noscript.css
[2024-02-23 11:01:58.122][INFO] Fetching template/static/icons.html
[2024-02-23 11:01:58.122][INFO] Fetching template/static/loadingShade.html
[2024-02-23 11:01:58.122][INFO] Fetching template/layout/header.html
[2024-02-23 11:01:58.123][INFO] Fetching template/layout/nav.html
[2024-02-23 11:01:58.123][INFO] Fetching template/layout/footer.html
[2024-02-23 11:01:58.123][INFO] Fetching template/layout/sidebar.html
[2024-02-23 11:01:58.123][INFO] Fetching template/layout/menu.html
[2024-02-23 11:01:58.124][INFO] Fetching template/layout/copyright.html
[2024-02-23 11:01:58.124][INFO] Fetching template/layout/sideicon.html
[2024-02-23 11:01:58.124][INFO] Fetching template/layout/infobar.html
[2024-02-23 11:01:58.125][INFO] Fetching template/layout/player.html
[2024-02-23 11:01:58.125][INFO] Fetching template/static/javascript.html
[2024-02-23 11:01:58.143][SUCCESS] Main template successfully built.
[2024-02-23 11:01:58.143][INFO] Starting to build 7 child templates...
[2024-02-23 11:01:58.148][SUCCESS] Child template successfully built.
[2024-02-23 11:01:58.148][INFO] Start copying resource files...
[2024-02-23 11:01:58.171][SUCCESS] File copying completed, start building...
[2024-02-23 11:01:58.171][INFO] Building origin/404.html...
[2024-02-23 11:01:58.177][INFO] Building origin/about/index.html...
[2024-02-23 11:01:58.179][INFO] Building origin/articles/20200816/index.html...
[2024-02-23 11:01:58.183][INFO] Building origin/articles/20210701/index.html...
[2024-02-23 11:01:58.187][INFO] Building origin/articles/20210705/index.html...
[2024-02-23 11:01:58.191][INFO] Building origin/articles/20210719/index.html...
[2024-02-23 11:01:58.195][INFO] Building origin/articles/20220206/index.html...
[2024-02-23 11:01:58.201][INFO] Building origin/articles/20220323/index.html...
[2024-02-23 11:01:58.208][INFO] Building origin/articles/20220708/index.html...
[2024-02-23 11:01:58.227][INFO] Building origin/articles/20220825/index.html...
[2024-02-23 11:01:58.231][INFO] Building origin/articles/20221126/index.html...
[2024-02-23 11:01:58.237][INFO] Building origin/articles/20221224/index.html...
[2024-02-23 11:01:58.241][INFO] Building origin/articles/20230812/index.html...
[2024-02-23 11:01:58.246][INFO] Building origin/articles/20230815/index.html...
[2024-02-23 11:01:58.264][INFO] Building origin/articles/index.html...
[2024-02-23 11:01:58.268][INFO] Building origin/friends/index.html...
[2024-02-23 11:01:58.270][INFO] Building origin/google15e5df7e8b90902d.html...
[2024-02-23 11:01:58.271][INFO] Building origin/index.html...
[2024-02-23 11:01:58.273][INFO] Building origin/platform/signin/index.html...
[2024-02-23 11:01:58.275][INFO] Building origin/platform/signup/index.html...
[2024-02-23 11:01:58.277][INFO] Building origin/tools/code/index.html...
[2024-02-23 11:01:58.279][INFO] Building origin/works/index.html...
[2024-02-23 11:01:58.285][SUCCESS] Build completed.
