[2024-02-24 06:07:38.168][INFO] RenderBuild - v0.3.0
[2024-02-24 06:07:38.172][INFO] Start parsing custom configuration file in ./config.json...
[2024-02-24 06:07:38.172][SUCCESS] Configuration has been changed
[2024-02-24 06:07:38.173][INFO] Start building...
[2024-02-24 06:07:38.175][INFO] Start to build main templates in template/layout.html...
[2024-02-24 06:07:38.175][INFO] Fetching template/static/metaData.html
[2024-02-24 06:07:38.176][INFO] Fetching template/static/preload.html
[2024-02-24 06:07:38.176][INFO] Fetching template/static/css.html
[2024-02-24 06:07:38.177][INFO] Fetching template/static/noscript.css
[2024-02-24 06:07:38.177][INFO] Fetching template/static/icons.html
[2024-02-24 06:07:38.177][INFO] Fetching template/static/loadingShade.html
[2024-02-24 06:07:38.177][INFO] Fetching template/layout/header.html
[2024-02-24 06:07:38.177][INFO] Fetching template/layout/nav.html
[2024-02-24 06:07:38.178][INFO] Fetching template/layout/footer.html
[2024-02-24 06:07:38.178][INFO] Fetching template/layout/sidebar.html
[2024-02-24 06:07:38.178][INFO] Fetching template/layout/menu.html
[2024-02-24 06:07:38.178][INFO] Fetching template/layout/copyright.html
[2024-02-24 06:07:38.179][INFO] Fetching template/layout/sideicon.html
[2024-02-24 06:07:38.179][INFO] Fetching template/layout/infobar.html
[2024-02-24 06:07:38.179][INFO] Fetching template/layout/player.html
[2024-02-24 06:07:38.179][INFO] Fetching template/static/javascript.html
[2024-02-24 06:07:38.195][SUCCESS] Main template successfully built.
[2024-02-24 06:07:38.195][INFO] Starting to build 7 child templates...
[2024-02-24 06:07:38.200][SUCCESS] Child template successfully built.
[2024-02-24 06:07:38.200][INFO] Start copying resource files...
[2024-02-24 06:07:38.220][SUCCESS] File copying completed, start building...
[2024-02-24 06:07:38.220][INFO] Building origin/404.html...
[2024-02-24 06:07:38.226][INFO] Building origin/about/index.html...
[2024-02-24 06:07:38.229][INFO] Building origin/articles/20200816/index.html...
[2024-02-24 06:07:38.232][INFO] Building origin/articles/20210701/index.html...
[2024-02-24 06:07:38.236][INFO] Building origin/articles/20210705/index.html...
[2024-02-24 06:07:38.241][INFO] Building origin/articles/20210719/index.html...
[2024-02-24 06:07:38.243][INFO] Building origin/articles/20220206/index.html...
[2024-02-24 06:07:38.247][INFO] Building origin/articles/20220323/index.html...
[2024-02-24 06:07:38.251][INFO] Building origin/articles/20220708/index.html...
[2024-02-24 06:07:38.266][INFO] Building origin/articles/20220825/index.html...
[2024-02-24 06:07:38.274][INFO] Building origin/articles/20221126/index.html...
[2024-02-24 06:07:38.284][INFO] Building origin/articles/20221224/index.html...
[2024-02-24 06:07:38.289][INFO] Building origin/articles/20230812/index.html...
[2024-02-24 06:07:38.294][INFO] Building origin/articles/20230815/index.html...
[2024-02-24 06:07:38.309][INFO] Building origin/articles/index.html...
[2024-02-24 06:07:38.319][INFO] Building origin/friends/index.html...
[2024-02-24 06:07:38.320][INFO] Building origin/google15e5df7e8b90902d.html...
[2024-02-24 06:07:38.321][INFO] Building origin/index.html...
[2024-02-24 06:07:38.323][INFO] Building origin/platform/signin/index.html...
[2024-02-24 06:07:38.324][INFO] Building origin/platform/signup/index.html...
[2024-02-24 06:07:38.326][INFO] Building origin/tools/code/index.html...
[2024-02-24 06:07:38.328][INFO] Building origin/works/index.html...
[2024-02-24 06:07:38.333][SUCCESS] Build completed.
