[2024-02-24 06:05:02.521][INFO] RenderBuild - v0.3.0
[2024-02-24 06:05:02.524][INFO] Start parsing custom configuration file in ./config.json...
[2024-02-24 06:05:02.524][SUCCESS] Configuration has been changed
[2024-02-24 06:05:02.526][INFO] Start building...
[2024-02-24 06:05:02.527][INFO] Start to build main templates in template/layout.html...
[2024-02-24 06:05:02.528][INFO] Fetching template/static/metaData.html
[2024-02-24 06:05:02.529][INFO] Fetching template/static/preload.html
[2024-02-24 06:05:02.529][INFO] Fetching template/static/css.html
[2024-02-24 06:05:02.529][INFO] Fetching template/static/noscript.css
[2024-02-24 06:05:02.530][INFO] Fetching template/static/icons.html
[2024-02-24 06:05:02.530][INFO] Fetching template/static/loadingShade.html
[2024-02-24 06:05:02.530][INFO] Fetching template/layout/header.html
[2024-02-24 06:05:02.530][INFO] Fetching template/layout/nav.html
[2024-02-24 06:05:02.530][INFO] Fetching template/layout/footer.html
[2024-02-24 06:05:02.530][INFO] Fetching template/layout/sidebar.html
[2024-02-24 06:05:02.531][INFO] Fetching template/layout/menu.html
[2024-02-24 06:05:02.531][INFO] Fetching template/layout/copyright.html
[2024-02-24 06:05:02.531][INFO] Fetching template/layout/sideicon.html
[2024-02-24 06:05:02.531][INFO] Fetching template/layout/infobar.html
[2024-02-24 06:05:02.532][INFO] Fetching template/layout/player.html
[2024-02-24 06:05:02.532][INFO] Fetching template/static/javascript.html
[2024-02-24 06:05:02.546][SUCCESS] Main template successfully built.
[2024-02-24 06:05:02.546][INFO] Starting to build 7 child templates...
[2024-02-24 06:05:02.551][SUCCESS] Child template successfully built.
[2024-02-24 06:05:02.551][INFO] Start copying resource files...
[2024-02-24 06:05:02.572][SUCCESS] File copying completed, start building...
[2024-02-24 06:05:02.572][INFO] Building origin/404.html...
[2024-02-24 06:05:02.577][INFO] Building origin/about/index.html...
[2024-02-24 06:05:02.581][INFO] Building origin/articles/20200816/index.html...
[2024-02-24 06:05:02.584][INFO] Building origin/articles/20210701/index.html...
[2024-02-24 06:05:02.588][INFO] Building origin/articles/20210705/index.html...
[2024-02-24 06:05:02.592][INFO] Building origin/articles/20210719/index.html...
[2024-02-24 06:05:02.598][INFO] Building origin/articles/20220206/index.html...
[2024-02-24 06:05:02.602][INFO] Building origin/articles/20220323/index.html...
[2024-02-24 06:05:02.606][INFO] Building origin/articles/20220708/index.html...
[2024-02-24 06:05:02.624][INFO] Building origin/articles/20220825/index.html...
[2024-02-24 06:05:02.635][INFO] Building origin/articles/20221126/index.html...
[2024-02-24 06:05:02.645][INFO] Building origin/articles/20221224/index.html...
[2024-02-24 06:05:02.650][INFO] Building origin/articles/20230812/index.html...
[2024-02-24 06:05:02.657][INFO] Building origin/articles/20230815/index.html...
[2024-02-24 06:05:02.690][INFO] Building origin/articles/index.html...
[2024-02-24 06:05:02.694][INFO] Building origin/friends/index.html...
[2024-02-24 06:05:02.696][INFO] Building origin/google15e5df7e8b90902d.html...
[2024-02-24 06:05:02.698][INFO] Building origin/index.html...
[2024-02-24 06:05:02.700][INFO] Building origin/platform/signin/index.html...
[2024-02-24 06:05:02.702][INFO] Building origin/platform/signup/index.html...
[2024-02-24 06:05:02.704][INFO] Building origin/tools/code/index.html...
[2024-02-24 06:05:02.706][INFO] Building origin/works/index.html...
[2024-02-24 06:05:02.712][SUCCESS] Build completed.
