[2024-10-04 02:03:49.097][INFO] RenderBuild - v0.3.0
[2024-10-04 02:03:49.100][INFO] Start parsing custom configuration file in ./config.json...
[2024-10-04 02:03:49.101][SUCCESS] Configuration has been changed
[2024-10-04 02:03:49.102][INFO] Start building...
[2024-10-04 02:03:49.104][INFO] Start to build main templates in template/layout.html...
[2024-10-04 02:03:49.105][INFO] Fetching template/static/metaData.html
[2024-10-04 02:03:49.105][INFO] Fetching template/static/preload.html
[2024-10-04 02:03:49.106][INFO] Fetching template/static/css.html
[2024-10-04 02:03:49.106][INFO] Fetching template/static/noscript.css
[2024-10-04 02:03:49.106][INFO] Fetching template/static/icons.html
[2024-10-04 02:03:49.107][INFO] Fetching template/static/loadingShade.html
[2024-10-04 02:03:49.107][INFO] Fetching template/layout/header.html
[2024-10-04 02:03:49.107][INFO] Fetching template/layout/nav.html
[2024-10-04 02:03:49.107][INFO] Fetching template/layout/footer.html
[2024-10-04 02:03:49.107][INFO] Fetching template/layout/sidebar.html
[2024-10-04 02:03:49.108][INFO] Fetching template/layout/menu.html
[2024-10-04 02:03:49.108][INFO] Fetching template/layout/copyright.html
[2024-10-04 02:03:49.109][INFO] Fetching template/layout/sideicon.html
[2024-10-04 02:03:49.109][INFO] Fetching template/layout/infobar.html
[2024-10-04 02:03:49.109][INFO] Fetching template/layout/player.html
[2024-10-04 02:03:49.109][INFO] Fetching template/static/javascript.html
[2024-10-04 02:03:49.125][SUCCESS] Main template successfully built.
[2024-10-04 02:03:49.125][INFO] Starting to build 7 child templates...
[2024-10-04 02:03:49.131][SUCCESS] Child template successfully built.
[2024-10-04 02:03:49.131][INFO] Start copying resource files...
[2024-10-04 02:03:49.155][SUCCESS] File copying completed, start building...
[2024-10-04 02:03:49.156][INFO] Building origin/404.html...
[2024-10-04 02:03:49.162][INFO] Building origin/about/index.html...
[2024-10-04 02:03:49.166][INFO] Building origin/articles/20200816/index.html...
[2024-10-04 02:03:49.170][INFO] Building origin/articles/20210701/index.html...
[2024-10-04 02:03:49.174][INFO] Building origin/articles/20210705/index.html...
[2024-10-04 02:03:49.177][INFO] Building origin/articles/20210719/index.html...
[2024-10-04 02:03:49.180][INFO] Building origin/articles/20220206/index.html...
[2024-10-04 02:03:49.184][INFO] Building origin/articles/20220323/index.html...
[2024-10-04 02:03:49.188][INFO] Building origin/articles/20220708/index.html...
[2024-10-04 02:03:49.205][INFO] Building origin/articles/20220825/index.html...
[2024-10-04 02:03:49.211][INFO] Building origin/articles/20221126/index.html...
[2024-10-04 02:03:49.222][INFO] Building origin/articles/20221224/index.html...
[2024-10-04 02:03:49.226][INFO] Building origin/articles/20230812/index.html...
[2024-10-04 02:03:49.232][INFO] Building origin/articles/20230815/index.html...
[2024-10-04 02:03:49.249][INFO] Building origin/articles/index.html...
[2024-10-04 02:03:49.252][INFO] Building origin/friends/index.html...
[2024-10-04 02:03:49.255][INFO] Building origin/google15e5df7e8b90902d.html...
[2024-10-04 02:03:49.257][INFO] Building origin/index.html...
[2024-10-04 02:03:49.258][INFO] Building origin/platform/signin/index.html...
[2024-10-04 02:03:49.259][INFO] Building origin/platform/signup/index.html...
[2024-10-04 02:03:49.261][INFO] Building origin/tools/code/index.html...
[2024-10-04 02:03:49.262][INFO] Building origin/works/index.html...
[2024-10-04 02:03:49.268][SUCCESS] Build completed.
