[2024-05-02 17:08:30.123][INFO] RenderBuild - v0.3.0
[2024-05-02 17:08:30.126][INFO] Start parsing custom configuration file in ./config.json...
[2024-05-02 17:08:30.126][SUCCESS] Configuration has been changed
[2024-05-02 17:08:30.128][INFO] Start building...
[2024-05-02 17:08:30.129][INFO] Start to build main templates in template/layout.html...
[2024-05-02 17:08:30.130][INFO] Fetching template/static/metaData.html
[2024-05-02 17:08:30.131][INFO] Fetching template/static/preload.html
[2024-05-02 17:08:30.131][INFO] Fetching template/static/css.html
[2024-05-02 17:08:30.131][INFO] Fetching template/static/noscript.css
[2024-05-02 17:08:30.131][INFO] Fetching template/static/icons.html
[2024-05-02 17:08:30.132][INFO] Fetching template/static/loadingShade.html
[2024-05-02 17:08:30.132][INFO] Fetching template/layout/header.html
[2024-05-02 17:08:30.132][INFO] Fetching template/layout/nav.html
[2024-05-02 17:08:30.132][INFO] Fetching template/layout/footer.html
[2024-05-02 17:08:30.132][INFO] Fetching template/layout/sidebar.html
[2024-05-02 17:08:30.133][INFO] Fetching template/layout/menu.html
[2024-05-02 17:08:30.133][INFO] Fetching template/layout/copyright.html
[2024-05-02 17:08:30.133][INFO] Fetching template/layout/sideicon.html
[2024-05-02 17:08:30.133][INFO] Fetching template/layout/infobar.html
[2024-05-02 17:08:30.134][INFO] Fetching template/layout/player.html
[2024-05-02 17:08:30.134][INFO] Fetching template/static/javascript.html
[2024-05-02 17:08:30.147][SUCCESS] Main template successfully built.
[2024-05-02 17:08:30.147][INFO] Starting to build 7 child templates...
[2024-05-02 17:08:30.151][SUCCESS] Child template successfully built.
[2024-05-02 17:08:30.152][INFO] Start copying resource files...
[2024-05-02 17:08:30.173][SUCCESS] File copying completed, start building...
[2024-05-02 17:08:30.173][INFO] Building origin/404.html...
[2024-05-02 17:08:30.178][INFO] Building origin/about/index.html...
[2024-05-02 17:08:30.180][INFO] Building origin/articles/20200816/index.html...
[2024-05-02 17:08:30.183][INFO] Building origin/articles/20210701/index.html...
[2024-05-02 17:08:30.185][INFO] Building origin/articles/20210705/index.html...
[2024-05-02 17:08:30.188][INFO] Building origin/articles/20210719/index.html...
[2024-05-02 17:08:30.190][INFO] Building origin/articles/20220206/index.html...
[2024-05-02 17:08:30.194][INFO] Building origin/articles/20220323/index.html...
[2024-05-02 17:08:30.196][INFO] Building origin/articles/20220708/index.html...
[2024-05-02 17:08:30.212][INFO] Building origin/articles/20220825/index.html...
[2024-05-02 17:08:30.219][INFO] Building origin/articles/20221126/index.html...
[2024-05-02 17:08:30.227][INFO] Building origin/articles/20221224/index.html...
[2024-05-02 17:08:30.229][INFO] Building origin/articles/20230812/index.html...
[2024-05-02 17:08:30.232][INFO] Building origin/articles/20230815/index.html...
[2024-05-02 17:08:30.244][INFO] Building origin/articles/index.html...
[2024-05-02 17:08:30.248][INFO] Building origin/friends/index.html...
[2024-05-02 17:08:30.250][INFO] Building origin/google15e5df7e8b90902d.html...
[2024-05-02 17:08:30.251][INFO] Building origin/index.html...
[2024-05-02 17:08:30.252][INFO] Building origin/platform/signin/index.html...
[2024-05-02 17:08:30.255][INFO] Building origin/platform/signup/index.html...
[2024-05-02 17:08:30.257][INFO] Building origin/tools/code/index.html...
[2024-05-02 17:08:30.258][INFO] Building origin/works/index.html...
[2024-05-02 17:08:30.264][SUCCESS] Build completed.
