[2024-02-22 04:54:56.066][INFO] RenderBuild - v0.1.0
[2024-02-22 04:54:56.071][INFO] Start parsing custom configuration file in ./config.json...
[2024-02-22 04:54:56.071][SUCCESS] Configuration has been changed
[2024-02-22 04:54:56.072][INFO] Start building...
[2024-02-22 04:54:56.075][INFO] Start to build main templates in template/layout.html...
[2024-02-22 04:54:56.076][INFO] Fetching template/static/metaData.html
[2024-02-22 04:54:56.076][INFO] Fetching template/static/preload.html
[2024-02-22 04:54:56.077][INFO] Fetching template/static/css.html
[2024-02-22 04:54:56.077][INFO] Fetching template/static/noscript.css
[2024-02-22 04:54:56.078][INFO] Fetching template/static/icons.html
[2024-02-22 04:54:56.078][INFO] Fetching template/static/loadingShade.html
[2024-02-22 04:54:56.078][INFO] Fetching template/layout/header.html
[2024-02-22 04:54:56.078][INFO] Fetching template/layout/nav.html
[2024-02-22 04:54:56.079][INFO] Fetching template/layout/footer.html
[2024-02-22 04:54:56.079][INFO] Fetching template/layout/sidebar.html
[2024-02-22 04:54:56.079][INFO] Fetching template/layout/menu.html
[2024-02-22 04:54:56.079][INFO] Fetching template/layout/copyright.html
[2024-02-22 04:54:56.080][INFO] Fetching template/layout/sideicon.html
[2024-02-22 04:54:56.080][INFO] Fetching template/layout/infobar.html
[2024-02-22 04:54:56.080][INFO] Fetching template/layout/player.html
[2024-02-22 04:54:56.080][INFO] Fetching template/static/javascript.html
[2024-02-22 04:54:56.105][SUCCESS] Main template successfully built.
[2024-02-22 04:54:56.105][INFO] Starting to build 7 child templates...
[2024-02-22 04:54:56.113][SUCCESS] Child template successfully built.
[2024-02-22 04:54:56.113][INFO] Start copying resource files...
[2024-02-22 04:54:56.142][SUCCESS] File copying completed, start building...
[2024-02-22 04:54:56.142][INFO] Building origin/404.html...
[2024-02-22 04:54:56.147][INFO] Building origin/about/index.html...
[2024-02-22 04:54:56.150][INFO] Building origin/articles/20200816/index.html...
[2024-02-22 04:54:56.154][INFO] Building origin/articles/20210701/index.html...
[2024-02-22 04:54:56.158][INFO] Building origin/articles/20210705/index.html...
[2024-02-22 04:54:56.163][INFO] Building origin/articles/20210719/index.html...
[2024-02-22 04:54:56.167][INFO] Building origin/articles/20220206/index.html...
[2024-02-22 04:54:56.170][INFO] Building origin/articles/20220323/index.html...
[2024-02-22 04:54:56.175][INFO] Building origin/articles/20220708/index.html...
[2024-02-22 04:54:56.190][INFO] Building origin/articles/20220825/index.html...
[2024-02-22 04:54:56.196][INFO] Building origin/articles/20221126/index.html...
[2024-02-22 04:54:56.203][INFO] Building origin/articles/20221224/index.html...
[2024-02-22 04:54:56.206][INFO] Building origin/articles/20230812/index.html...
[2024-02-22 04:54:56.212][INFO] Building origin/articles/20230815/index.html...
[2024-02-22 04:54:56.228][INFO] Building origin/articles/index.html...
[2024-02-22 04:54:56.232][INFO] Building origin/friends/index.html...
[2024-02-22 04:54:56.235][INFO] Building origin/google15e5df7e8b90902d.html...
[2024-02-22 04:54:56.236][INFO] Building origin/index.html...
[2024-02-22 04:54:56.237][INFO] Building origin/platform/signin/index.html...
[2024-02-22 04:54:56.240][INFO] Building origin/platform/signup/index.html...
[2024-02-22 04:54:56.242][INFO] Building origin/tools/code/index.html...
[2024-02-22 04:54:56.243][INFO] Building origin/works/index.html...
[2024-02-22 04:54:56.250][SUCCESS] Build completed.
