[2024-02-20 13:39:54.438][INFO] RenderBuild - v0.1.0
[2024-02-20 13:39:54.441][INFO] Start parsing custom configuration file in ./config.json...
[2024-02-20 13:39:54.441][SUCCESS] Configuration has been changed
[2024-02-20 13:39:54.442][INFO] Start building...
[2024-02-20 13:39:54.444][INFO] Start to build main templates in template/layout.html...
[2024-02-20 13:39:54.444][INFO] Fetching template/static/metaData.html
[2024-02-20 13:39:54.445][INFO] Fetching template/static/preload.html
[2024-02-20 13:39:54.446][INFO] Fetching template/static/css.html
[2024-02-20 13:39:54.446][INFO] Fetching template/static/noscript.css
[2024-02-20 13:39:54.446][INFO] Fetching template/static/icons.html
[2024-02-20 13:39:54.446][INFO] Fetching template/static/loadingShade.html
[2024-02-20 13:39:54.446][INFO] Fetching template/layout/header.html
[2024-02-20 13:39:54.447][INFO] Fetching template/layout/nav.html
[2024-02-20 13:39:54.447][INFO] Fetching template/layout/footer.html
[2024-02-20 13:39:54.447][INFO] Fetching template/layout/sidebar.html
[2024-02-20 13:39:54.447][INFO] Fetching template/layout/menu.html
[2024-02-20 13:39:54.447][INFO] Fetching template/layout/copyright.html
[2024-02-20 13:39:54.448][INFO] Fetching template/layout/sideicon.html
[2024-02-20 13:39:54.448][INFO] Fetching template/layout/infobar.html
[2024-02-20 13:39:54.448][INFO] Fetching template/layout/player.html
[2024-02-20 13:39:54.448][INFO] Fetching template/static/javascript.html
[2024-02-20 13:39:54.463][SUCCESS] Main template successfully built.
[2024-02-20 13:39:54.464][INFO] Starting to build 7 child templates...
[2024-02-20 13:39:54.469][SUCCESS] Child template successfully built.
[2024-02-20 13:39:54.469][INFO] Start copying resource files...
[2024-02-20 13:39:54.490][SUCCESS] File copying completed, start building...
[2024-02-20 13:39:54.490][INFO] Building origin/404.html...
[2024-02-20 13:39:54.496][INFO] Building origin/about/index.html...
[2024-02-20 13:39:54.499][INFO] Building origin/articles/20200816/index.html...
[2024-02-20 13:39:54.502][INFO] Building origin/articles/20210701/index.html...
[2024-02-20 13:39:54.506][INFO] Building origin/articles/20210705/index.html...
[2024-02-20 13:39:54.510][INFO] Building origin/articles/20210719/index.html...
[2024-02-20 13:39:54.514][INFO] Building origin/articles/20220206/index.html...
[2024-02-20 13:39:54.518][INFO] Building origin/articles/20220323/index.html...
[2024-02-20 13:39:54.522][INFO] Building origin/articles/20220708/index.html...
[2024-02-20 13:39:54.540][INFO] Building origin/articles/20220825/index.html...
[2024-02-20 13:39:54.546][INFO] Building origin/articles/20221126/index.html...
[2024-02-20 13:39:54.554][INFO] Building origin/articles/20221224/index.html...
[2024-02-20 13:39:54.560][INFO] Building origin/articles/20230812/index.html...
[2024-02-20 13:39:54.565][INFO] Building origin/articles/20230815/index.html...
[2024-02-20 13:39:54.583][INFO] Building origin/articles/index.html...
[2024-02-20 13:39:54.588][INFO] Building origin/friends/index.html...
[2024-02-20 13:39:54.591][INFO] Building origin/google15e5df7e8b90902d.html...
[2024-02-20 13:39:54.592][INFO] Building origin/index.html...
[2024-02-20 13:39:54.593][INFO] Building origin/platform/signin/index.html...
[2024-02-20 13:39:54.596][INFO] Building origin/platform/signup/index.html...
[2024-02-20 13:39:54.597][INFO] Building origin/tools/code/index.html...
[2024-02-20 13:39:54.598][INFO] Building origin/works/index.html...
[2024-02-20 13:39:54.605][SUCCESS] Build completed.
